{"/Users/yatishgurrala/Desktop/PersonalDocs/Side hustle/DEV/builddeck.io files/builddeck/actions/auth.ts": {"path":"/Users/yatishgurrala/Desktop/PersonalDocs/Side hustle/DEV/builddeck.io files/builddeck/actions/auth.ts","statementMap":{"0":{"start":{"line":1,"column":0},"end":{"line":1,"column":null}},"1":{"start":{"line":11,"column":15},"end":{"line":14,"column":null}},"2":{"start":{"line":16,"column":17},"end":{"line":16,"column":44}},"3":{"start":{"line":17,"column":2},"end":{"line":18,"column":null}},"4":{"start":{"line":18,"column":4},"end":{"line":18,"column":null}},"5":{"start":{"line":21,"column":2},"end":{"line":36,"column":null}},"6":{"start":{"line":22,"column":24},"end":{"line":22,"column":null}},"7":{"start":{"line":24,"column":4},"end":{"line":28,"column":null}},"8":{"start":{"line":30,"column":4},"end":{"line":30,"column":null}},"9":{"start":{"line":33,"column":4},"end":{"line":34,"column":null}},"10":{"start":{"line":34,"column":6},"end":{"line":34,"column":null}},"11":{"start":{"line":36,"column":4},"end":{"line":36,"column":null}},"12":{"start":{"line":41,"column":15},"end":{"line":46,"column":null}},"13":{"start":{"line":48,"column":17},"end":{"line":48,"column":45}},"14":{"start":{"line":49,"column":2},"end":{"line":50,"column":null}},"15":{"start":{"line":50,"column":4},"end":{"line":50,"column":null}},"16":{"start":{"line":54,"column":23},"end":{"line":56,"column":4}},"17":{"start":{"line":58,"column":2},"end":{"line":59,"column":null}},"18":{"start":{"line":59,"column":4},"end":{"line":59,"column":null}},"19":{"start":{"line":63,"column":25},"end":{"line":63,"column":61}},"20":{"start":{"line":66,"column":2},"end":{"line":89,"column":null}},"21":{"start":{"line":67,"column":4},"end":{"line":73,"column":null}},"22":{"start":{"line":76,"column":4},"end":{"line":80,"column":null}},"23":{"start":{"line":82,"column":4},"end":{"line":82,"column":null}},"24":{"start":{"line":85,"column":4},"end":{"line":86,"column":null}},"25":{"start":{"line":86,"column":6},"end":{"line":86,"column":null}},"26":{"start":{"line":88,"column":4},"end":{"line":88,"column":null}},"27":{"start":{"line":89,"column":4},"end":{"line":89,"column":null}},"28":{"start":{"line":94,"column":2},"end":{"line":94,"column":null}},"29":{"start":{"line":95,"column":2},"end":{"line":95,"column":null}}},"fnMap":{"0":{"name":"login","decl":{"start":{"line":10,"column":22},"end":{"line":10,"column":28}},"loc":{"start":{"line":10,"column":73},"end":{"line":36,"column":null}},"line":10},"1":{"name":"signup","decl":{"start":{"line":40,"column":22},"end":{"line":40,"column":29}},"loc":{"start":{"line":40,"column":74},"end":{"line":89,"column":null}},"line":40},"2":{"name":"logout","decl":{"start":{"line":93,"column":22},"end":{"line":93,"column":46}},"loc":{"start":{"line":93,"column":46},"end":{"line":95,"column":null}},"line":93}},"branchMap":{"0":{"loc":{"start":{"line":17,"column":2},"end":{"line":18,"column":null}},"type":"if","locations":[{"start":{"line":17,"column":2},"end":{"line":18,"column":null}},{"start":{},"end":{}}],"line":17},"1":{"loc":{"start":{"line":22,"column":24},"end":{"line":22,"column":null}},"type":"binary-expr","locations":[{"start":{"line":22,"column":24},"end":{"line":22,"column":48}},{"start":{"line":22,"column":63},"end":{"line":22,"column":null}}],"line":22},"2":{"loc":{"start":{"line":33,"column":4},"end":{"line":34,"column":null}},"type":"if","locations":[{"start":{"line":33,"column":4},"end":{"line":34,"column":null}},{"start":{},"end":{}}],"line":33},"3":{"loc":{"start":{"line":33,"column":8},"end":{"line":33,"column":69}},"type":"binary-expr","locations":[{"start":{"line":33,"column":8},"end":{"line":33,"column":34}},{"start":{"line":33,"column":34},"end":{"line":33,"column":69}}],"line":33},"4":{"loc":{"start":{"line":49,"column":2},"end":{"line":50,"column":null}},"type":"if","locations":[{"start":{"line":49,"column":2},"end":{"line":50,"column":null}},{"start":{},"end":{}}],"line":49},"5":{"loc":{"start":{"line":58,"column":2},"end":{"line":59,"column":null}},"type":"if","locations":[{"start":{"line":58,"column":2},"end":{"line":59,"column":null}},{"start":{},"end":{}}],"line":58},"6":{"loc":{"start":{"line":85,"column":4},"end":{"line":86,"column":null}},"type":"if","locations":[{"start":{"line":85,"column":4},"end":{"line":86,"column":null}},{"start":{},"end":{}}],"line":85},"7":{"loc":{"start":{"line":85,"column":8},"end":{"line":85,"column":69}},"type":"binary-expr","locations":[{"start":{"line":85,"column":8},"end":{"line":85,"column":34}},{"start":{"line":85,"column":34},"end":{"line":85,"column":69}}],"line":85}},"s":{"0":1,"1":8,"2":8,"3":8,"4":4,"5":4,"6":4,"7":8,"8":3,"9":4,"10":3,"11":1,"12":9,"13":9,"14":9,"15":3,"16":6,"17":6,"18":1,"19":5,"20":5,"21":5,"22":4,"23":4,"24":5,"25":4,"26":1,"27":1,"28":2,"29":2},"f":{"0":8,"1":9,"2":2},"b":{"0":[4,4],"1":[4,3],"2":[3,1],"3":[4,4],"4":[3,6],"5":[1,5],"6":[4,1],"7":[5,5]},"meta":{"lastBranch":8,"lastFunction":3,"lastStatement":30,"seen":{"s:1:0:1:Infinity":0,"f:10:22:10:28":0,"s:11:15:14:Infinity":1,"s:16:17:16:44":2,"b:17:2:18:Infinity:undefined:undefined:undefined:undefined":0,"s:17:2:18:Infinity":3,"s:18:4:18:Infinity":4,"s:21:2:36:Infinity":5,"s:22:24:22:Infinity":6,"b:22:24:22:48:22:63:22:Infinity":1,"s:24:4:28:Infinity":7,"s:30:4:30:Infinity":8,"b:33:4:34:Infinity:undefined:undefined:undefined:undefined":2,"s:33:4:34:Infinity":9,"b:33:8:33:34:33:34:33:69":3,"s:34:6:34:Infinity":10,"s:36:4:36:Infinity":11,"f:40:22:40:29":1,"s:41:15:46:Infinity":12,"s:48:17:48:45":13,"b:49:2:50:Infinity:undefined:undefined:undefined:undefined":4,"s:49:2:50:Infinity":14,"s:50:4:50:Infinity":15,"s:54:23:56:4":16,"b:58:2:59:Infinity:undefined:undefined:undefined:undefined":5,"s:58:2:59:Infinity":17,"s:59:4:59:Infinity":18,"s:63:25:63:61":19,"s:66:2:89:Infinity":20,"s:67:4:73:Infinity":21,"s:76:4:80:Infinity":22,"s:82:4:82:Infinity":23,"b:85:4:86:Infinity:undefined:undefined:undefined:undefined":6,"s:85:4:86:Infinity":24,"b:85:8:85:34:85:34:85:69":7,"s:86:6:86:Infinity":25,"s:88:4:88:Infinity":26,"s:89:4:89:Infinity":27,"f:93:22:93:46":2,"s:94:2:94:Infinity":28,"s:95:2:95:Infinity":29}}}
,"/Users/yatishgurrala/Desktop/PersonalDocs/Side hustle/DEV/builddeck.io files/builddeck/actions/newsletter.ts": {"path":"/Users/yatishgurrala/Desktop/PersonalDocs/Side hustle/DEV/builddeck.io files/builddeck/actions/newsletter.ts","statementMap":{"0":{"start":{"line":1,"column":0},"end":{"line":1,"column":null}},"1":{"start":{"line":11,"column":17},"end":{"line":11,"column":54}},"2":{"start":{"line":12,"column":2},"end":{"line":13,"column":null}},"3":{"start":{"line":13,"column":4},"end":{"line":13,"column":null}},"4":{"start":{"line":16,"column":2},"end":{"line":37,"column":null}},"5":{"start":{"line":18,"column":21},"end":{"line":20,"column":6}},"6":{"start":{"line":22,"column":4},"end":{"line":23,"column":null}},"7":{"start":{"line":23,"column":6},"end":{"line":23,"column":null}},"8":{"start":{"line":27,"column":4},"end":{"line":29,"column":null}},"9":{"start":{"line":32,"column":4},"end":{"line":32,"column":null}},"10":{"start":{"line":34,"column":4},"end":{"line":34,"column":null}},"11":{"start":{"line":36,"column":4},"end":{"line":36,"column":null}},"12":{"start":{"line":37,"column":4},"end":{"line":37,"column":null}}},"fnMap":{"0":{"name":"subscribeToNewsletter","decl":{"start":{"line":8,"column":22},"end":{"line":8,"column":null}},"loc":{"start":{"line":10,"column":27},"end":{"line":37,"column":null}},"line":10}},"branchMap":{"0":{"loc":{"start":{"line":12,"column":2},"end":{"line":13,"column":null}},"type":"if","locations":[{"start":{"line":12,"column":2},"end":{"line":13,"column":null}},{"start":{},"end":{}}],"line":12},"1":{"loc":{"start":{"line":22,"column":4},"end":{"line":23,"column":null}},"type":"if","locations":[{"start":{"line":22,"column":4},"end":{"line":23,"column":null}},{"start":{},"end":{}}],"line":22}},"s":{"0":1,"1":13,"2":13,"3":4,"4":9,"5":9,"6":8,"7":1,"8":7,"9":6,"10":5,"11":3,"12":3},"f":{"0":13},"b":{"0":[4,9],"1":[1,7]},"meta":{"lastBranch":2,"lastFunction":1,"lastStatement":13,"seen":{"s:1:0:1:Infinity":0,"f:8:22:8:Infinity":0,"s:11:17:11:54":1,"b:12:2:13:Infinity:undefined:undefined:undefined:undefined":0,"s:12:2:13:Infinity":2,"s:13:4:13:Infinity":3,"s:16:2:37:Infinity":4,"s:18:21:20:6":5,"b:22:4:23:Infinity:undefined:undefined:undefined:undefined":1,"s:22:4:23:Infinity":6,"s:23:6:23:Infinity":7,"s:27:4:29:Infinity":8,"s:32:4:32:Infinity":9,"s:34:4:34:Infinity":10,"s:36:4:36:Infinity":11,"s:37:4:37:Infinity":12}}}
,"/Users/yatishgurrala/Desktop/PersonalDocs/Side hustle/DEV/builddeck.io files/builddeck/actions/products.ts": {"path":"/Users/yatishgurrala/Desktop/PersonalDocs/Side hustle/DEV/builddeck.io files/builddeck/actions/products.ts","statementMap":{"0":{"start":{"line":1,"column":0},"end":{"line":1,"column":null}},"1":{"start":{"line":15,"column":18},"end":{"line":15,"column":30}},"2":{"start":{"line":17,"column":2},"end":{"line":18,"column":null}},"3":{"start":{"line":18,"column":4},"end":{"line":18,"column":null}},"4":{"start":{"line":21,"column":15},"end":{"line":27,"column":null}},"5":{"start":{"line":29,"column":17},"end":{"line":29,"column":46}},"6":{"start":{"line":30,"column":2},"end":{"line":31,"column":null}},"7":{"start":{"line":31,"column":4},"end":{"line":31,"column":null}},"8":{"start":{"line":35,"column":6},"end":{"line":35,"column":31}},"9":{"start":{"line":36,"column":26},"end":{"line":38,"column":4}},"10":{"start":{"line":40,"column":2},"end":{"line":41,"column":null}},"11":{"start":{"line":41,"column":4},"end":{"line":41,"column":null}},"12":{"start":{"line":46,"column":18},"end":{"line":46,"column":42}},"13":{"start":{"line":48,"column":2},"end":{"line":75,"column":null}},"14":{"start":{"line":49,"column":4},"end":{"line":62,"column":null}},"15":{"start":{"line":67,"column":4},"end":{"line":67,"column":null}},"16":{"start":{"line":68,"column":4},"end":{"line":68,"column":null}},"17":{"start":{"line":71,"column":4},"end":{"line":72,"column":null}},"18":{"start":{"line":72,"column":6},"end":{"line":72,"column":null}},"19":{"start":{"line":74,"column":4},"end":{"line":74,"column":null}},"20":{"start":{"line":75,"column":4},"end":{"line":75,"column":null}},"21":{"start":{"line":83,"column":18},"end":{"line":83,"column":30}},"22":{"start":{"line":85,"column":2},"end":{"line":86,"column":null}},"23":{"start":{"line":86,"column":4},"end":{"line":86,"column":null}},"24":{"start":{"line":90,"column":26},"end":{"line":95,"column":4}},"25":{"start":{"line":97,"column":2},"end":{"line":98,"column":null}},"26":{"start":{"line":98,"column":4},"end":{"line":98,"column":null}},"27":{"start":{"line":101,"column":15},"end":{"line":107,"column":null}},"28":{"start":{"line":109,"column":17},"end":{"line":109,"column":46}},"29":{"start":{"line":110,"column":2},"end":{"line":111,"column":null}},"30":{"start":{"line":111,"column":4},"end":{"line":111,"column":null}},"31":{"start":{"line":114,"column":2},"end":{"line":131,"column":null}},"32":{"start":{"line":115,"column":4},"end":{"line":125,"column":null}},"33":{"start":{"line":127,"column":4},"end":{"line":127,"column":null}},"34":{"start":{"line":128,"column":4},"end":{"line":128,"column":null}},"35":{"start":{"line":130,"column":4},"end":{"line":130,"column":null}},"36":{"start":{"line":131,"column":4},"end":{"line":131,"column":null}},"37":{"start":{"line":136,"column":18},"end":{"line":136,"column":30}},"38":{"start":{"line":138,"column":2},"end":{"line":139,"column":null}},"39":{"start":{"line":139,"column":4},"end":{"line":139,"column":null}},"40":{"start":{"line":142,"column":2},"end":{"line":154,"column":null}},"41":{"start":{"line":143,"column":4},"end":{"line":148,"column":null}},"42":{"start":{"line":150,"column":4},"end":{"line":150,"column":null}},"43":{"start":{"line":151,"column":4},"end":{"line":151,"column":null}},"44":{"start":{"line":153,"column":4},"end":{"line":153,"column":null}},"45":{"start":{"line":154,"column":4},"end":{"line":154,"column":null}},"46":{"start":{"line":163,"column":18},"end":{"line":163,"column":30}},"47":{"start":{"line":165,"column":2},"end":{"line":166,"column":null}},"48":{"start":{"line":166,"column":4},"end":{"line":166,"column":null}},"49":{"start":{"line":170,"column":2},"end":{"line":171,"column":null}},"50":{"start":{"line":171,"column":4},"end":{"line":171,"column":null}},"51":{"start":{"line":174,"column":2},"end":{"line":200,"column":null}},"52":{"start":{"line":175,"column":4},"end":{"line":183,"column":null}},"53":{"start":{"line":186,"column":4},"end":{"line":190,"column":null}},"54":{"start":{"line":187,"column":6},"end":{"line":190,"column":null}},"55":{"start":{"line":188,"column":8},"end":{"line":188,"column":null}},"56":{"start":{"line":190,"column":8},"end":{"line":190,"column":null}},"57":{"start":{"line":195,"column":4},"end":{"line":195,"column":null}},"58":{"start":{"line":196,"column":4},"end":{"line":196,"column":null}},"59":{"start":{"line":197,"column":4},"end":{"line":197,"column":null}},"60":{"start":{"line":199,"column":4},"end":{"line":199,"column":null}},"61":{"start":{"line":200,"column":4},"end":{"line":200,"column":null}},"62":{"start":{"line":205,"column":18},"end":{"line":205,"column":30}},"63":{"start":{"line":207,"column":2},"end":{"line":208,"column":null}},"64":{"start":{"line":208,"column":4},"end":{"line":208,"column":null}},"65":{"start":{"line":212,"column":2},"end":{"line":213,"column":null}},"66":{"start":{"line":213,"column":4},"end":{"line":213,"column":null}},"67":{"start":{"line":217,"column":18},"end":{"line":220,"column":4}},"68":{"start":{"line":222,"column":2},"end":{"line":223,"column":null}},"69":{"start":{"line":223,"column":4},"end":{"line":223,"column":null}},"70":{"start":{"line":226,"column":2},"end":{"line":241,"column":null}},"71":{"start":{"line":227,"column":4},"end":{"line":233,"column":null}},"72":{"start":{"line":235,"column":4},"end":{"line":235,"column":null}},"73":{"start":{"line":236,"column":4},"end":{"line":236,"column":null}},"74":{"start":{"line":237,"column":4},"end":{"line":237,"column":null}},"75":{"start":{"line":238,"column":4},"end":{"line":238,"column":null}},"76":{"start":{"line":240,"column":4},"end":{"line":240,"column":null}},"77":{"start":{"line":241,"column":4},"end":{"line":241,"column":null}}},"fnMap":{"0":{"name":"createProduct","decl":{"start":{"line":14,"column":22},"end":{"line":14,"column":36}},"loc":{"start":{"line":14,"column":81},"end":{"line":75,"column":null}},"line":14},"1":{"name":"updateProduct","decl":{"start":{"line":79,"column":22},"end":{"line":79,"column":null}},"loc":{"start":{"line":82,"column":27},"end":{"line":131,"column":null}},"line":82},"2":{"name":"deleteProduct","decl":{"start":{"line":135,"column":22},"end":{"line":135,"column":36}},"loc":{"start":{"line":135,"column":80},"end":{"line":154,"column":null}},"line":135},"3":{"name":"updateProductStatus","decl":{"start":{"line":159,"column":22},"end":{"line":159,"column":null}},"loc":{"start":{"line":162,"column":27},"end":{"line":200,"column":null}},"line":162},"4":{"name":"toggleFeatured","decl":{"start":{"line":204,"column":22},"end":{"line":204,"column":37}},"loc":{"start":{"line":204,"column":81},"end":{"line":241,"column":null}},"line":204}},"branchMap":{"0":{"loc":{"start":{"line":17,"column":2},"end":{"line":18,"column":null}},"type":"if","locations":[{"start":{"line":17,"column":2},"end":{"line":18,"column":null}},{"start":{},"end":{}}],"line":17},"1":{"loc":{"start":{"line":30,"column":2},"end":{"line":31,"column":null}},"type":"if","locations":[{"start":{"line":30,"column":2},"end":{"line":31,"column":null}},{"start":{},"end":{}}],"line":30},"2":{"loc":{"start":{"line":40,"column":2},"end":{"line":41,"column":null}},"type":"if","locations":[{"start":{"line":40,"column":2},"end":{"line":41,"column":null}},{"start":{},"end":{}}],"line":40},"3":{"loc":{"start":{"line":56,"column":20},"end":{"line":56,"column":null}},"type":"binary-expr","locations":[{"start":{"line":56,"column":20},"end":{"line":56,"column":40}},{"start":{"line":56,"column":40},"end":{"line":56,"column":null}}],"line":56},"4":{"loc":{"start":{"line":57,"column":17},"end":{"line":57,"column":null}},"type":"binary-expr","locations":[{"start":{"line":57,"column":17},"end":{"line":57,"column":28}},{"start":{"line":57,"column":28},"end":{"line":57,"column":null}}],"line":57},"5":{"loc":{"start":{"line":71,"column":4},"end":{"line":72,"column":null}},"type":"if","locations":[{"start":{"line":71,"column":4},"end":{"line":72,"column":null}},{"start":{},"end":{}}],"line":71},"6":{"loc":{"start":{"line":71,"column":8},"end":{"line":71,"column":69}},"type":"binary-expr","locations":[{"start":{"line":71,"column":8},"end":{"line":71,"column":34}},{"start":{"line":71,"column":34},"end":{"line":71,"column":69}}],"line":71},"7":{"loc":{"start":{"line":85,"column":2},"end":{"line":86,"column":null}},"type":"if","locations":[{"start":{"line":85,"column":2},"end":{"line":86,"column":null}},{"start":{},"end":{}}],"line":85},"8":{"loc":{"start":{"line":97,"column":2},"end":{"line":98,"column":null}},"type":"if","locations":[{"start":{"line":97,"column":2},"end":{"line":98,"column":null}},{"start":{},"end":{}}],"line":97},"9":{"loc":{"start":{"line":110,"column":2},"end":{"line":111,"column":null}},"type":"if","locations":[{"start":{"line":110,"column":2},"end":{"line":111,"column":null}},{"start":{},"end":{}}],"line":110},"10":{"loc":{"start":{"line":122,"column":20},"end":{"line":122,"column":null}},"type":"binary-expr","locations":[{"start":{"line":122,"column":20},"end":{"line":122,"column":40}},{"start":{"line":122,"column":40},"end":{"line":122,"column":null}}],"line":122},"11":{"loc":{"start":{"line":138,"column":2},"end":{"line":139,"column":null}},"type":"if","locations":[{"start":{"line":138,"column":2},"end":{"line":139,"column":null}},{"start":{},"end":{}}],"line":138},"12":{"loc":{"start":{"line":165,"column":2},"end":{"line":166,"column":null}},"type":"if","locations":[{"start":{"line":165,"column":2},"end":{"line":166,"column":null}},{"start":{},"end":{}}],"line":165},"13":{"loc":{"start":{"line":170,"column":2},"end":{"line":171,"column":null}},"type":"if","locations":[{"start":{"line":170,"column":2},"end":{"line":171,"column":null}},{"start":{},"end":{}}],"line":170},"14":{"loc":{"start":{"line":181,"column":12},"end":{"line":181,"column":null}},"type":"binary-expr","locations":[{"start":{"line":181,"column":12},"end":{"line":181,"column":37}},{"start":{"line":181,"column":37},"end":{"line":181,"column":null}}],"line":181},"15":{"loc":{"start":{"line":186,"column":4},"end":{"line":190,"column":null}},"type":"if","locations":[{"start":{"line":186,"column":4},"end":{"line":190,"column":null}},{"start":{},"end":{}}],"line":186},"16":{"loc":{"start":{"line":207,"column":2},"end":{"line":208,"column":null}},"type":"if","locations":[{"start":{"line":207,"column":2},"end":{"line":208,"column":null}},{"start":{},"end":{}}],"line":207},"17":{"loc":{"start":{"line":212,"column":2},"end":{"line":213,"column":null}},"type":"if","locations":[{"start":{"line":212,"column":2},"end":{"line":213,"column":null}},{"start":{},"end":{}}],"line":212},"18":{"loc":{"start":{"line":222,"column":2},"end":{"line":223,"column":null}},"type":"if","locations":[{"start":{"line":222,"column":2},"end":{"line":223,"column":null}},{"start":{},"end":{}}],"line":222},"19":{"loc":{"start":{"line":231,"column":20},"end":{"line":231,"column":null}},"type":"cond-expr","locations":[{"start":{"line":231,"column":40},"end":{"line":231,"column":50}},{"start":{"line":231,"column":53},"end":{"line":231,"column":null}}],"line":231}},"s":{"0":1,"1":13,"2":13,"3":2,"4":11,"5":11,"6":11,"7":5,"8":6,"9":6,"10":6,"11":1,"12":6,"13":6,"14":6,"15":5,"16":5,"17":6,"18":5,"19":1,"20":1,"21":5,"22":5,"23":1,"24":4,"25":4,"26":1,"27":3,"28":3,"29":3,"30":1,"31":2,"32":2,"33":2,"34":2,"35":0,"36":0,"37":4,"38":4,"39":1,"40":3,"41":3,"42":2,"43":2,"44":1,"45":1,"46":7,"47":7,"48":1,"49":6,"50":1,"51":5,"52":5,"53":5,"54":4,"55":4,"56":2,"57":5,"58":5,"59":5,"60":0,"61":0,"62":4,"63":4,"64":1,"65":3,"66":1,"67":2,"68":2,"69":0,"70":2,"71":2,"72":2,"73":2,"74":2,"75":2,"76":0,"77":0},"f":{"0":13,"1":5,"2":4,"3":7,"4":4},"b":{"0":[2,11],"1":[5,6],"2":[1,5],"3":[6,0],"4":[13,6],"5":[5,1],"6":[6,6],"7":[1,4],"8":[1,3],"9":[1,2],"10":[2,0],"11":[1,3],"12":[1,6],"13":[1,5],"14":[5,4],"15":[4,1],"16":[1,3],"17":[1,2],"18":[0,2],"19":[1,1]},"meta":{"lastBranch":20,"lastFunction":5,"lastStatement":78,"seen":{"s:1:0:1:Infinity":0,"f:14:22:14:36":0,"s:15:18:15:30":1,"b:17:2:18:Infinity:undefined:undefined:undefined:undefined":0,"s:17:2:18:Infinity":2,"s:18:4:18:Infinity":3,"s:21:15:27:Infinity":4,"s:29:17:29:46":5,"b:30:2:31:Infinity:undefined:undefined:undefined:undefined":1,"s:30:2:31:Infinity":6,"s:31:4:31:Infinity":7,"s:35:6:35:31":8,"s:36:26:38:4":9,"b:40:2:41:Infinity:undefined:undefined:undefined:undefined":2,"s:40:2:41:Infinity":10,"s:41:4:41:Infinity":11,"s:46:18:46:42":12,"s:48:2:75:Infinity":13,"s:49:4:62:Infinity":14,"b:56:20:56:40:56:40:56:Infinity":3,"b:57:17:57:28:57:28:57:Infinity":4,"s:67:4:67:Infinity":15,"s:68:4:68:Infinity":16,"b:71:4:72:Infinity:undefined:undefined:undefined:undefined":5,"s:71:4:72:Infinity":17,"b:71:8:71:34:71:34:71:69":6,"s:72:6:72:Infinity":18,"s:74:4:74:Infinity":19,"s:75:4:75:Infinity":20,"f:79:22:79:Infinity":1,"s:83:18:83:30":21,"b:85:2:86:Infinity:undefined:undefined:undefined:undefined":7,"s:85:2:86:Infinity":22,"s:86:4:86:Infinity":23,"s:90:26:95:4":24,"b:97:2:98:Infinity:undefined:undefined:undefined:undefined":8,"s:97:2:98:Infinity":25,"s:98:4:98:Infinity":26,"s:101:15:107:Infinity":27,"s:109:17:109:46":28,"b:110:2:111:Infinity:undefined:undefined:undefined:undefined":9,"s:110:2:111:Infinity":29,"s:111:4:111:Infinity":30,"s:114:2:131:Infinity":31,"s:115:4:125:Infinity":32,"b:122:20:122:40:122:40:122:Infinity":10,"s:127:4:127:Infinity":33,"s:128:4:128:Infinity":34,"s:130:4:130:Infinity":35,"s:131:4:131:Infinity":36,"f:135:22:135:36":2,"s:136:18:136:30":37,"b:138:2:139:Infinity:undefined:undefined:undefined:undefined":11,"s:138:2:139:Infinity":38,"s:139:4:139:Infinity":39,"s:142:2:154:Infinity":40,"s:143:4:148:Infinity":41,"s:150:4:150:Infinity":42,"s:151:4:151:Infinity":43,"s:153:4:153:Infinity":44,"s:154:4:154:Infinity":45,"f:159:22:159:Infinity":3,"s:163:18:163:30":46,"b:165:2:166:Infinity:undefined:undefined:undefined:undefined":12,"s:165:2:166:Infinity":47,"s:166:4:166:Infinity":48,"b:170:2:171:Infinity:undefined:undefined:undefined:undefined":13,"s:170:2:171:Infinity":49,"s:171:4:171:Infinity":50,"s:174:2:200:Infinity":51,"s:175:4:183:Infinity":52,"b:181:12:181:37:181:37:181:Infinity":14,"b:186:4:190:Infinity:undefined:undefined:undefined:undefined":15,"s:186:4:190:Infinity":53,"s:187:6:190:Infinity":54,"s:188:8:188:Infinity":55,"s:190:8:190:Infinity":56,"s:195:4:195:Infinity":57,"s:196:4:196:Infinity":58,"s:197:4:197:Infinity":59,"s:199:4:199:Infinity":60,"s:200:4:200:Infinity":61,"f:204:22:204:37":4,"s:205:18:205:30":62,"b:207:2:208:Infinity:undefined:undefined:undefined:undefined":16,"s:207:2:208:Infinity":63,"s:208:4:208:Infinity":64,"b:212:2:213:Infinity:undefined:undefined:undefined:undefined":17,"s:212:2:213:Infinity":65,"s:213:4:213:Infinity":66,"s:217:18:220:4":67,"b:222:2:223:Infinity:undefined:undefined:undefined:undefined":18,"s:222:2:223:Infinity":68,"s:223:4:223:Infinity":69,"s:226:2:241:Infinity":70,"s:227:4:233:Infinity":71,"b:231:40:231:50:231:53:231:Infinity":19,"s:235:4:235:Infinity":72,"s:236:4:236:Infinity":73,"s:237:4:237:Infinity":74,"s:238:4:238:Infinity":75,"s:240:4:240:Infinity":76,"s:241:4:241:Infinity":77}}}
,"/Users/yatishgurrala/Desktop/PersonalDocs/Side hustle/DEV/builddeck.io files/builddeck/actions/social.ts": {"path":"/Users/yatishgurrala/Desktop/PersonalDocs/Side hustle/DEV/builddeck.io files/builddeck/actions/social.ts","statementMap":{"0":{"start":{"line":1,"column":0},"end":{"line":1,"column":null}},"1":{"start":{"line":23,"column":18},"end":{"line":23,"column":30}},"2":{"start":{"line":25,"column":2},"end":{"line":26,"column":null}},"3":{"start":{"line":26,"column":4},"end":{"line":26,"column":null}},"4":{"start":{"line":29,"column":2},"end":{"line":34,"column":null}},"5":{"start":{"line":30,"column":18},"end":{"line":30,"column":50}},"6":{"start":{"line":31,"column":4},"end":{"line":31,"column":null}},"7":{"start":{"line":33,"column":4},"end":{"line":33,"column":null}},"8":{"start":{"line":34,"column":4},"end":{"line":34,"column":null}},"9":{"start":{"line":42,"column":18},"end":{"line":42,"column":30}},"10":{"start":{"line":44,"column":2},"end":{"line":45,"column":null}},"11":{"start":{"line":45,"column":4},"end":{"line":45,"column":null}},"12":{"start":{"line":48,"column":2},"end":{"line":53,"column":null}},"13":{"start":{"line":49,"column":18},"end":{"line":49,"column":59}},"14":{"start":{"line":50,"column":4},"end":{"line":50,"column":null}},"15":{"start":{"line":52,"column":4},"end":{"line":52,"column":null}},"16":{"start":{"line":53,"column":4},"end":{"line":53,"column":null}},"17":{"start":{"line":64,"column":18},"end":{"line":64,"column":30}},"18":{"start":{"line":66,"column":2},"end":{"line":67,"column":null}},"19":{"start":{"line":67,"column":4},"end":{"line":67,"column":null}},"20":{"start":{"line":70,"column":2},"end":{"line":71,"column":null}},"21":{"start":{"line":71,"column":4},"end":{"line":71,"column":null}},"22":{"start":{"line":74,"column":2},"end":{"line":80,"column":null}},"23":{"start":{"line":75,"column":4},"end":{"line":75,"column":null}},"24":{"start":{"line":76,"column":4},"end":{"line":76,"column":null}},"25":{"start":{"line":77,"column":4},"end":{"line":77,"column":null}},"26":{"start":{"line":79,"column":4},"end":{"line":79,"column":null}},"27":{"start":{"line":80,"column":4},"end":{"line":80,"column":null}},"28":{"start":{"line":88,"column":18},"end":{"line":88,"column":30}},"29":{"start":{"line":90,"column":2},"end":{"line":91,"column":null}},"30":{"start":{"line":91,"column":4},"end":{"line":91,"column":null}},"31":{"start":{"line":94,"column":2},"end":{"line":105,"column":null}},"32":{"start":{"line":95,"column":19},"end":{"line":95,"column":50}},"33":{"start":{"line":96,"column":4},"end":{"line":96,"column":null}},"34":{"start":{"line":98,"column":4},"end":{"line":101,"column":null}},"35":{"start":{"line":99,"column":6},"end":{"line":99,"column":null}},"36":{"start":{"line":101,"column":6},"end":{"line":101,"column":null}},"37":{"start":{"line":104,"column":4},"end":{"line":104,"column":null}},"38":{"start":{"line":105,"column":4},"end":{"line":105,"column":null}},"39":{"start":{"line":113,"column":18},"end":{"line":113,"column":30}},"40":{"start":{"line":115,"column":2},"end":{"line":116,"column":null}},"41":{"start":{"line":116,"column":4},"end":{"line":116,"column":null}},"42":{"start":{"line":119,"column":2},"end":{"line":125,"column":null}},"43":{"start":{"line":120,"column":4},"end":{"line":120,"column":null}},"44":{"start":{"line":121,"column":4},"end":{"line":121,"column":null}},"45":{"start":{"line":122,"column":4},"end":{"line":122,"column":null}},"46":{"start":{"line":124,"column":4},"end":{"line":124,"column":null}},"47":{"start":{"line":125,"column":4},"end":{"line":125,"column":null}},"48":{"start":{"line":133,"column":18},"end":{"line":133,"column":30}},"49":{"start":{"line":135,"column":2},"end":{"line":136,"column":null}},"50":{"start":{"line":136,"column":4},"end":{"line":136,"column":null}},"51":{"start":{"line":139,"column":2},"end":{"line":145,"column":null}},"52":{"start":{"line":140,"column":4},"end":{"line":140,"column":null}},"53":{"start":{"line":141,"column":4},"end":{"line":141,"column":null}},"54":{"start":{"line":142,"column":4},"end":{"line":142,"column":null}},"55":{"start":{"line":144,"column":4},"end":{"line":144,"column":null}},"56":{"start":{"line":145,"column":4},"end":{"line":145,"column":null}}},"fnMap":{"0":{"name":"getSocialPosts","decl":{"start":{"line":19,"column":22},"end":{"line":19,"column":37}},"loc":{"start":{"line":22,"column":3},"end":{"line":34,"column":null}},"line":22},"1":{"name":"getProductSocialPosts","decl":{"start":{"line":41,"column":22},"end":{"line":41,"column":44}},"loc":{"start":{"line":41,"column":63},"end":{"line":53,"column":null}},"line":41},"2":{"name":"editSocialPost","decl":{"start":{"line":60,"column":22},"end":{"line":60,"column":null}},"loc":{"start":{"line":63,"column":27},"end":{"line":80,"column":null}},"line":63},"3":{"name":"publishPost","decl":{"start":{"line":87,"column":22},"end":{"line":87,"column":34}},"loc":{"start":{"line":87,"column":111},"end":{"line":105,"column":null}},"line":87},"4":{"name":"removeSocialPost","decl":{"start":{"line":112,"column":22},"end":{"line":112,"column":39}},"loc":{"start":{"line":112,"column":80},"end":{"line":125,"column":null}},"line":112},"5":{"name":"regenerateProductDrafts","decl":{"start":{"line":132,"column":22},"end":{"line":132,"column":46}},"loc":{"start":{"line":132,"column":90},"end":{"line":145,"column":null}},"line":132}},"branchMap":{"0":{"loc":{"start":{"line":25,"column":2},"end":{"line":26,"column":null}},"type":"if","locations":[{"start":{"line":25,"column":2},"end":{"line":26,"column":null}},{"start":{},"end":{}}],"line":25},"1":{"loc":{"start":{"line":25,"column":6},"end":{"line":25,"column":59}},"type":"binary-expr","locations":[{"start":{"line":25,"column":6},"end":{"line":25,"column":28}},{"start":{"line":25,"column":28},"end":{"line":25,"column":59}}],"line":25},"2":{"loc":{"start":{"line":44,"column":2},"end":{"line":45,"column":null}},"type":"if","locations":[{"start":{"line":44,"column":2},"end":{"line":45,"column":null}},{"start":{},"end":{}}],"line":44},"3":{"loc":{"start":{"line":44,"column":6},"end":{"line":44,"column":59}},"type":"binary-expr","locations":[{"start":{"line":44,"column":6},"end":{"line":44,"column":28}},{"start":{"line":44,"column":28},"end":{"line":44,"column":59}}],"line":44},"4":{"loc":{"start":{"line":66,"column":2},"end":{"line":67,"column":null}},"type":"if","locations":[{"start":{"line":66,"column":2},"end":{"line":67,"column":null}},{"start":{},"end":{}}],"line":66},"5":{"loc":{"start":{"line":66,"column":6},"end":{"line":66,"column":59}},"type":"binary-expr","locations":[{"start":{"line":66,"column":6},"end":{"line":66,"column":28}},{"start":{"line":66,"column":28},"end":{"line":66,"column":59}}],"line":66},"6":{"loc":{"start":{"line":70,"column":2},"end":{"line":71,"column":null}},"type":"if","locations":[{"start":{"line":70,"column":2},"end":{"line":71,"column":null}},{"start":{},"end":{}}],"line":70},"7":{"loc":{"start":{"line":90,"column":2},"end":{"line":91,"column":null}},"type":"if","locations":[{"start":{"line":90,"column":2},"end":{"line":91,"column":null}},{"start":{},"end":{}}],"line":90},"8":{"loc":{"start":{"line":90,"column":6},"end":{"line":90,"column":59}},"type":"binary-expr","locations":[{"start":{"line":90,"column":6},"end":{"line":90,"column":28}},{"start":{"line":90,"column":28},"end":{"line":90,"column":59}}],"line":90},"9":{"loc":{"start":{"line":98,"column":4},"end":{"line":101,"column":null}},"type":"if","locations":[{"start":{"line":98,"column":4},"end":{"line":101,"column":null}},{"start":{"line":100,"column":11},"end":{"line":101,"column":null}}],"line":98},"10":{"loc":{"start":{"line":115,"column":2},"end":{"line":116,"column":null}},"type":"if","locations":[{"start":{"line":115,"column":2},"end":{"line":116,"column":null}},{"start":{},"end":{}}],"line":115},"11":{"loc":{"start":{"line":115,"column":6},"end":{"line":115,"column":59}},"type":"binary-expr","locations":[{"start":{"line":115,"column":6},"end":{"line":115,"column":28}},{"start":{"line":115,"column":28},"end":{"line":115,"column":59}}],"line":115},"12":{"loc":{"start":{"line":135,"column":2},"end":{"line":136,"column":null}},"type":"if","locations":[{"start":{"line":135,"column":2},"end":{"line":136,"column":null}},{"start":{},"end":{}}],"line":135},"13":{"loc":{"start":{"line":135,"column":6},"end":{"line":135,"column":59}},"type":"binary-expr","locations":[{"start":{"line":135,"column":6},"end":{"line":135,"column":28}},{"start":{"line":135,"column":28},"end":{"line":135,"column":59}}],"line":135}},"s":{"0":1,"1":6,"2":6,"3":2,"4":4,"5":4,"6":3,"7":1,"8":1,"9":3,"10":3,"11":2,"12":1,"13":1,"14":1,"15":0,"16":0,"17":7,"18":7,"19":2,"20":5,"21":2,"22":3,"23":3,"24":2,"25":2,"26":1,"27":1,"28":5,"29":5,"30":2,"31":3,"32":3,"33":2,"34":2,"35":1,"36":1,"37":1,"38":1,"39":5,"40":5,"41":2,"42":3,"43":3,"44":2,"45":2,"46":1,"47":1,"48":5,"49":5,"50":2,"51":3,"52":3,"53":2,"54":2,"55":1,"56":1},"f":{"0":6,"1":3,"2":7,"3":5,"4":5,"5":5},"b":{"0":[2,4],"1":[6,5],"2":[2,1],"3":[3,2],"4":[2,5],"5":[7,6],"6":[2,3],"7":[2,3],"8":[5,4],"9":[1,1],"10":[2,3],"11":[5,4],"12":[2,3],"13":[5,4]},"meta":{"lastBranch":14,"lastFunction":6,"lastStatement":57,"seen":{"s:1:0:1:Infinity":0,"f:19:22:19:37":0,"s:23:18:23:30":1,"b:25:2:26:Infinity:undefined:undefined:undefined:undefined":0,"s:25:2:26:Infinity":2,"b:25:6:25:28:25:28:25:59":1,"s:26:4:26:Infinity":3,"s:29:2:34:Infinity":4,"s:30:18:30:50":5,"s:31:4:31:Infinity":6,"s:33:4:33:Infinity":7,"s:34:4:34:Infinity":8,"f:41:22:41:44":1,"s:42:18:42:30":9,"b:44:2:45:Infinity:undefined:undefined:undefined:undefined":2,"s:44:2:45:Infinity":10,"b:44:6:44:28:44:28:44:59":3,"s:45:4:45:Infinity":11,"s:48:2:53:Infinity":12,"s:49:18:49:59":13,"s:50:4:50:Infinity":14,"s:52:4:52:Infinity":15,"s:53:4:53:Infinity":16,"f:60:22:60:Infinity":2,"s:64:18:64:30":17,"b:66:2:67:Infinity:undefined:undefined:undefined:undefined":4,"s:66:2:67:Infinity":18,"b:66:6:66:28:66:28:66:59":5,"s:67:4:67:Infinity":19,"b:70:2:71:Infinity:undefined:undefined:undefined:undefined":6,"s:70:2:71:Infinity":20,"s:71:4:71:Infinity":21,"s:74:2:80:Infinity":22,"s:75:4:75:Infinity":23,"s:76:4:76:Infinity":24,"s:77:4:77:Infinity":25,"s:79:4:79:Infinity":26,"s:80:4:80:Infinity":27,"f:87:22:87:34":3,"s:88:18:88:30":28,"b:90:2:91:Infinity:undefined:undefined:undefined:undefined":7,"s:90:2:91:Infinity":29,"b:90:6:90:28:90:28:90:59":8,"s:91:4:91:Infinity":30,"s:94:2:105:Infinity":31,"s:95:19:95:50":32,"s:96:4:96:Infinity":33,"b:98:4:101:Infinity:100:11:101:Infinity":9,"s:98:4:101:Infinity":34,"s:99:6:99:Infinity":35,"s:101:6:101:Infinity":36,"s:104:4:104:Infinity":37,"s:105:4:105:Infinity":38,"f:112:22:112:39":4,"s:113:18:113:30":39,"b:115:2:116:Infinity:undefined:undefined:undefined:undefined":10,"s:115:2:116:Infinity":40,"b:115:6:115:28:115:28:115:59":11,"s:116:4:116:Infinity":41,"s:119:2:125:Infinity":42,"s:120:4:120:Infinity":43,"s:121:4:121:Infinity":44,"s:122:4:122:Infinity":45,"s:124:4:124:Infinity":46,"s:125:4:125:Infinity":47,"f:132:22:132:46":5,"s:133:18:133:30":48,"b:135:2:136:Infinity:undefined:undefined:undefined:undefined":12,"s:135:2:136:Infinity":49,"b:135:6:135:28:135:28:135:59":13,"s:136:4:136:Infinity":50,"s:139:2:145:Infinity":51,"s:140:4:140:Infinity":52,"s:141:4:141:Infinity":53,"s:142:4:142:Infinity":54,"s:144:4:144:Infinity":55,"s:145:4:145:Infinity":56}}}
,"/Users/yatishgurrala/Desktop/PersonalDocs/Side hustle/DEV/builddeck.io files/builddeck/components/forms/newsletter-form.tsx": {"path":"/Users/yatishgurrala/Desktop/PersonalDocs/Side hustle/DEV/builddeck.io files/builddeck/components/forms/newsletter-form.tsx","statementMap":{"0":{"start":{"line":1,"column":0},"end":{"line":1,"column":null}},"1":{"start":{"line":9,"column":16},"end":{"line":9,"column":40}},"2":{"start":{"line":10,"column":17},"end":{"line":10,"column":88}},"3":{"start":{"line":11,"column":18},"end":{"line":11,"column":44}},"4":{"start":{"line":14,"column":4},"end":{"line":14,"column":null}},"5":{"start":{"line":15,"column":4},"end":{"line":15,"column":null}},"6":{"start":{"line":17,"column":19},"end":{"line":17,"column":53}},"7":{"start":{"line":19,"column":4},"end":{"line":25,"column":null}},"8":{"start":{"line":20,"column":6},"end":{"line":20,"column":null}},"9":{"start":{"line":21,"column":6},"end":{"line":21,"column":null}},"10":{"start":{"line":22,"column":6},"end":{"line":22,"column":null}},"11":{"start":{"line":24,"column":6},"end":{"line":24,"column":null}},"12":{"start":{"line":25,"column":6},"end":{"line":25,"column":null}},"13":{"start":{"line":29,"column":2},"end":{"line":35,"column":null}},"14":{"start":{"line":30,"column":4},"end":{"line":35,"column":null}},"15":{"start":{"line":40,"column":2},"end":{"line":61,"column":null}},"16":{"start":{"line":47,"column":27},"end":{"line":47,"column":51}}},"fnMap":{"0":{"name":"NewsletterForm","decl":{"start":{"line":8,"column":16},"end":{"line":8,"column":33}},"loc":{"start":{"line":8,"column":33},"end":{"line":61,"column":null}},"line":8},"1":{"name":"handleSubmit","decl":{"start":{"line":13,"column":17},"end":{"line":13,"column":30}},"loc":{"start":{"line":13,"column":50},"end":{"line":25,"column":null}},"line":13},"2":{"name":"(anonymous_2)","decl":{"start":{"line":47,"column":10},"end":{"line":47,"column":21}},"loc":{"start":{"line":47,"column":27},"end":{"line":47,"column":51}},"line":47}},"branchMap":{"0":{"loc":{"start":{"line":19,"column":4},"end":{"line":25,"column":null}},"type":"if","locations":[{"start":{"line":19,"column":4},"end":{"line":25,"column":null}},{"start":{"line":23,"column":11},"end":{"line":25,"column":null}}],"line":19},"1":{"loc":{"start":{"line":25,"column":17},"end":{"line":25,"column":56}},"type":"binary-expr","locations":[{"start":{"line":25,"column":17},"end":{"line":25,"column":33}},{"start":{"line":25,"column":33},"end":{"line":25,"column":56}}],"line":25},"2":{"loc":{"start":{"line":29,"column":2},"end":{"line":35,"column":null}},"type":"if","locations":[{"start":{"line":29,"column":2},"end":{"line":35,"column":null}},{"start":{},"end":{}}],"line":29},"3":{"loc":{"start":{"line":60,"column":7},"end":{"line":61,"column":null}},"type":"binary-expr","locations":[{"start":{"line":60,"column":7},"end":{"line":60,"column":29}},{"start":{"line":60,"column":29},"end":{"line":60,"column":null}},{"start":{"line":61,"column":8},"end":{"line":61,"column":null}}],"line":60}},"s":{"0":1,"1":28,"2":28,"3":28,"4":6,"5":6,"6":6,"7":5,"8":3,"9":3,"10":3,"11":2,"12":2,"13":28,"14":3,"15":25,"16":7},"f":{"0":28,"1":6,"2":7},"b":{"0":[3,2],"1":[2,1],"2":[3,25],"3":[25,2,2]},"meta":{"lastBranch":4,"lastFunction":3,"lastStatement":17,"seen":{"s:1:0:1:Infinity":0,"f:8:16:8:33":0,"s:9:16:9:40":1,"s:10:17:10:88":2,"s:11:18:11:44":3,"f:13:17:13:30":1,"s:14:4:14:Infinity":4,"s:15:4:15:Infinity":5,"s:17:19:17:53":6,"b:19:4:25:Infinity:23:11:25:Infinity":0,"s:19:4:25:Infinity":7,"s:20:6:20:Infinity":8,"s:21:6:21:Infinity":9,"s:22:6:22:Infinity":10,"s:24:6:24:Infinity":11,"s:25:6:25:Infinity":12,"b:25:17:25:33:25:33:25:56":1,"b:29:2:35:Infinity:undefined:undefined:undefined:undefined":2,"s:29:2:35:Infinity":13,"s:30:4:35:Infinity":14,"s:40:2:61:Infinity":15,"f:47:10:47:21":2,"s:47:27:47:51":16,"b:60:7:60:29:60:29:60:Infinity:61:8:61:Infinity":3}}}
,"/Users/yatishgurrala/Desktop/PersonalDocs/Side hustle/DEV/builddeck.io files/builddeck/components/product/product-card.tsx": {"path":"/Users/yatishgurrala/Desktop/PersonalDocs/Side hustle/DEV/builddeck.io files/builddeck/components/product/product-card.tsx","statementMap":{"0":{"start":{"line":11,"column":2},"end":{"line":55,"column":null}}},"fnMap":{"0":{"name":"ProductCard","decl":{"start":{"line":10,"column":16},"end":{"line":10,"column":28}},"loc":{"start":{"line":10,"column":59},"end":{"line":55,"column":null}},"line":10}},"branchMap":{"0":{"loc":{"start":{"line":16,"column":13},"end":{"line":27,"column":null}},"type":"cond-expr","locations":[{"start":{"line":17,"column":14},"end":{"line":25,"column":15}},{"start":{"line":25,"column":14},"end":{"line":27,"column":null}}],"line":16},"1":{"loc":{"start":{"line":30,"column":11},"end":{"line":33,"column":null}},"type":"binary-expr","locations":[{"start":{"line":30,"column":11},"end":{"line":30,"column":null}},{"start":{"line":31,"column":12},"end":{"line":33,"column":null}}],"line":30},"2":{"loc":{"start":{"line":45,"column":11},"end":{"line":50,"column":11}},"type":"binary-expr","locations":[{"start":{"line":45,"column":11},"end":{"line":45,"column":null}},{"start":{"line":46,"column":12},"end":{"line":50,"column":11}}],"line":45}},"s":{"0":12},"f":{"0":12},"b":{"0":[1,11],"1":[12,11],"2":[12,1]},"meta":{"lastBranch":3,"lastFunction":1,"lastStatement":1,"seen":{"f:10:16:10:28":0,"s:11:2:55:Infinity":0,"b:17:14:25:15:25:14:27:Infinity":0,"b:30:11:30:Infinity:31:12:33:Infinity":1,"b:45:11:45:Infinity:46:12:50:11":2}}}
,"/Users/yatishgurrala/Desktop/PersonalDocs/Side hustle/DEV/builddeck.io files/builddeck/components/ui/button.tsx": {"path":"/Users/yatishgurrala/Desktop/PersonalDocs/Side hustle/DEV/builddeck.io files/builddeck/components/ui/button.tsx","statementMap":{"0":{"start":{"line":5,"column":6},"end":{"line":29,"column":null}},"1":{"start":{"line":38,"column":15},"end":{"line":73,"column":null}},"2":{"start":{"line":40,"column":4},"end":{"line":69,"column":null}},"3":{"start":{"line":74,"column":0},"end":{"line":74,"column":null}}},"fnMap":{"0":{"name":"(anonymous_0)","decl":{"start":{"line":38,"column":21},"end":{"line":38,"column":null}},"loc":{"start":{"line":39,"column":82},"end":{"line":73,"column":null}},"line":39}},"branchMap":{"0":{"loc":{"start":{"line":44,"column":18},"end":{"line":44,"column":null}},"type":"binary-expr","locations":[{"start":{"line":44,"column":18},"end":{"line":44,"column":30}},{"start":{"line":44,"column":30},"end":{"line":44,"column":null}}],"line":44},"1":{"loc":{"start":{"line":47,"column":9},"end":{"line":69,"column":null}},"type":"binary-expr","locations":[{"start":{"line":47,"column":9},"end":{"line":47,"column":null}},{"start":{"line":48,"column":10},"end":{"line":69,"column":null}}],"line":47}},"s":{"0":2,"1":2,"2":45,"3":2},"f":{"0":45},"b":{"0":[45,43],"1":[45,9]},"meta":{"lastBranch":2,"lastFunction":1,"lastStatement":4,"seen":{"s:5:6:29:Infinity":0,"s:38:15:73:Infinity":1,"f:38:21:38:Infinity":0,"s:40:4:69:Infinity":2,"b:44:18:44:30:44:30:44:Infinity":0,"b:47:9:47:Infinity:48:10:69:Infinity":1,"s:74:0:74:Infinity":3}}}
,"/Users/yatishgurrala/Desktop/PersonalDocs/Side hustle/DEV/builddeck.io files/builddeck/lib/analytics.ts": {"path":"/Users/yatishgurrala/Desktop/PersonalDocs/Side hustle/DEV/builddeck.io files/builddeck/lib/analytics.ts","statementMap":{"0":{"start":{"line":45,"column":2},"end":{"line":50,"column":null}},"1":{"start":{"line":47,"column":4},"end":{"line":48,"column":null}},"2":{"start":{"line":48,"column":6},"end":{"line":48,"column":null}},"3":{"start":{"line":50,"column":4},"end":{"line":50,"column":null}},"4":{"start":{"line":54,"column":2},"end":{"line":55,"column":null}},"5":{"start":{"line":55,"column":4},"end":{"line":55,"column":null}},"6":{"start":{"line":59,"column":2},"end":{"line":68,"column":null}},"7":{"start":{"line":61,"column":4},"end":{"line":66,"column":null}},"8":{"start":{"line":63,"column":6},"end":{"line":66,"column":null}},"9":{"start":{"line":77,"column":2},"end":{"line":80,"column":null}},"10":{"start":{"line":84,"column":25},"end":{"line":141,"column":null}},"11":{"start":{"line":87,"column":4},"end":{"line":87,"column":86}},"12":{"start":{"line":90,"column":4},"end":{"line":90,"column":83}},"13":{"start":{"line":93,"column":4},"end":{"line":93,"column":84}},"14":{"start":{"line":96,"column":4},"end":{"line":96,"column":84}},"15":{"start":{"line":99,"column":4},"end":{"line":99,"column":84}},"16":{"start":{"line":102,"column":4},"end":{"line":102,"column":98}},"17":{"start":{"line":106,"column":4},"end":{"line":106,"column":78}},"18":{"start":{"line":109,"column":4},"end":{"line":109,"column":77}},"19":{"start":{"line":112,"column":4},"end":{"line":112,"column":55}},"20":{"start":{"line":116,"column":4},"end":{"line":116,"column":72}},"21":{"start":{"line":119,"column":4},"end":{"line":119,"column":73}},"22":{"start":{"line":123,"column":4},"end":{"line":123,"column":84}},"23":{"start":{"line":126,"column":4},"end":{"line":126,"column":94}},"24":{"start":{"line":129,"column":4},"end":{"line":129,"column":90}},"25":{"start":{"line":133,"column":4},"end":{"line":133,"column":71}},"26":{"start":{"line":136,"column":4},"end":{"line":136,"column":85}},"27":{"start":{"line":140,"column":4},"end":{"line":140,"column":null}}},"fnMap":{"0":{"name":"trackEvent","decl":{"start":{"line":44,"column":16},"end":{"line":44,"column":53}},"loc":{"start":{"line":44,"column":69},"end":{"line":68,"column":null}},"line":44},"1":{"name":"trackPageView","decl":{"start":{"line":76,"column":16},"end":{"line":76,"column":30}},"loc":{"start":{"line":76,"column":66},"end":{"line":80,"column":null}},"line":76},"2":{"name":"(anonymous_2)","decl":{"start":{"line":86,"column":2},"end":{"line":86,"column":16}},"loc":{"start":{"line":87,"column":4},"end":{"line":87,"column":86}},"line":87},"3":{"name":"(anonymous_3)","decl":{"start":{"line":89,"column":2},"end":{"line":89,"column":18}},"loc":{"start":{"line":90,"column":4},"end":{"line":90,"column":83}},"line":90},"4":{"name":"(anonymous_4)","decl":{"start":{"line":92,"column":2},"end":{"line":92,"column":20}},"loc":{"start":{"line":93,"column":4},"end":{"line":93,"column":84}},"line":93},"5":{"name":"(anonymous_5)","decl":{"start":{"line":95,"column":2},"end":{"line":95,"column":20}},"loc":{"start":{"line":96,"column":4},"end":{"line":96,"column":84}},"line":96},"6":{"name":"(anonymous_6)","decl":{"start":{"line":98,"column":2},"end":{"line":98,"column":20}},"loc":{"start":{"line":99,"column":4},"end":{"line":99,"column":84}},"line":99},"7":{"name":"(anonymous_7)","decl":{"start":{"line":101,"column":2},"end":{"line":101,"column":21}},"loc":{"start":{"line":102,"column":4},"end":{"line":102,"column":98}},"line":102},"8":{"name":"(anonymous_8)","decl":{"start":{"line":105,"column":2},"end":{"line":105,"column":null}},"loc":{"start":{"line":106,"column":4},"end":{"line":106,"column":78}},"line":106},"9":{"name":"(anonymous_9)","decl":{"start":{"line":108,"column":2},"end":{"line":108,"column":null}},"loc":{"start":{"line":109,"column":4},"end":{"line":109,"column":77}},"line":109},"10":{"name":"(anonymous_10)","decl":{"start":{"line":111,"column":2},"end":{"line":111,"column":null}},"loc":{"start":{"line":112,"column":4},"end":{"line":112,"column":55}},"line":112},"11":{"name":"(anonymous_11)","decl":{"start":{"line":115,"column":2},"end":{"line":115,"column":24}},"loc":{"start":{"line":116,"column":4},"end":{"line":116,"column":72}},"line":116},"12":{"name":"(anonymous_12)","decl":{"start":{"line":118,"column":2},"end":{"line":118,"column":26}},"loc":{"start":{"line":119,"column":4},"end":{"line":119,"column":73}},"line":119},"13":{"name":"(anonymous_13)","decl":{"start":{"line":122,"column":2},"end":{"line":122,"column":22}},"loc":{"start":{"line":123,"column":4},"end":{"line":123,"column":84}},"line":123},"14":{"name":"(anonymous_14)","decl":{"start":{"line":125,"column":2},"end":{"line":125,"column":24}},"loc":{"start":{"line":126,"column":4},"end":{"line":126,"column":94}},"line":126},"15":{"name":"(anonymous_15)","decl":{"start":{"line":128,"column":2},"end":{"line":128,"column":21}},"loc":{"start":{"line":129,"column":4},"end":{"line":129,"column":90}},"line":129},"16":{"name":"(anonymous_16)","decl":{"start":{"line":132,"column":2},"end":{"line":132,"column":11}},"loc":{"start":{"line":133,"column":4},"end":{"line":133,"column":71}},"line":133},"17":{"name":"(anonymous_17)","decl":{"start":{"line":135,"column":2},"end":{"line":135,"column":19}},"loc":{"start":{"line":136,"column":4},"end":{"line":136,"column":85}},"line":136},"18":{"name":"(anonymous_18)","decl":{"start":{"line":139,"column":2},"end":{"line":139,"column":13}},"loc":{"start":{"line":140,"column":4},"end":{"line":140,"column":null}},"line":140}},"branchMap":{"0":{"loc":{"start":{"line":45,"column":2},"end":{"line":50,"column":null}},"type":"if","locations":[{"start":{"line":45,"column":2},"end":{"line":50,"column":null}},{"start":{},"end":{}}],"line":45},"1":{"loc":{"start":{"line":47,"column":4},"end":{"line":48,"column":null}},"type":"if","locations":[{"start":{"line":47,"column":4},"end":{"line":48,"column":null}},{"start":{},"end":{}}],"line":47},"2":{"loc":{"start":{"line":54,"column":2},"end":{"line":55,"column":null}},"type":"if","locations":[{"start":{"line":54,"column":2},"end":{"line":55,"column":null}},{"start":{},"end":{}}],"line":54},"3":{"loc":{"start":{"line":61,"column":4},"end":{"line":66,"column":null}},"type":"if","locations":[{"start":{"line":61,"column":4},"end":{"line":66,"column":null}},{"start":{},"end":{}}],"line":61},"4":{"loc":{"start":{"line":115,"column":24},"end":{"line":115,"column":null}},"type":"default-arg","locations":[{"start":{"line":115,"column":41},"end":{"line":115,"column":null}}],"line":115}},"s":{"0":24,"1":1,"2":1,"3":1,"4":23,"5":23,"6":23,"7":23,"8":1,"9":2,"10":1,"11":1,"12":1,"13":1,"14":1,"15":1,"16":1,"17":1,"18":1,"19":1,"20":2,"21":1,"22":1,"23":1,"24":1,"25":1,"26":1,"27":1},"f":{"0":24,"1":2,"2":1,"3":1,"4":1,"5":1,"6":1,"7":1,"8":1,"9":1,"10":1,"11":2,"12":1,"13":1,"14":1,"15":1,"16":1,"17":1,"18":1},"b":{"0":[1,23],"1":[1,0],"2":[23,0],"3":[1,22],"4":[2]},"meta":{"lastBranch":5,"lastFunction":19,"lastStatement":28,"seen":{"f:44:16:44:53":0,"b:45:2:50:Infinity:undefined:undefined:undefined:undefined":0,"s:45:2:50:Infinity":0,"b:47:4:48:Infinity:undefined:undefined:undefined:undefined":1,"s:47:4:48:Infinity":1,"s:48:6:48:Infinity":2,"s:50:4:50:Infinity":3,"b:54:2:55:Infinity:undefined:undefined:undefined:undefined":2,"s:54:2:55:Infinity":4,"s:55:4:55:Infinity":5,"s:59:2:68:Infinity":6,"b:61:4:66:Infinity:undefined:undefined:undefined:undefined":3,"s:61:4:66:Infinity":7,"s:63:6:66:Infinity":8,"f:76:16:76:30":1,"s:77:2:80:Infinity":9,"s:84:25:141:Infinity":10,"f:86:2:86:16":2,"s:87:4:87:86":11,"f:89:2:89:18":3,"s:90:4:90:83":12,"f:92:2:92:20":4,"s:93:4:93:84":13,"f:95:2:95:20":5,"s:96:4:96:84":14,"f:98:2:98:20":6,"s:99:4:99:84":15,"f:101:2:101:21":7,"s:102:4:102:98":16,"f:105:2:105:Infinity":8,"s:106:4:106:78":17,"f:108:2:108:Infinity":9,"s:109:4:109:77":18,"f:111:2:111:Infinity":10,"s:112:4:112:55":19,"f:115:2:115:24":11,"s:116:4:116:72":20,"b:115:41:115:Infinity":4,"f:118:2:118:26":12,"s:119:4:119:73":21,"f:122:2:122:22":13,"s:123:4:123:84":22,"f:125:2:125:24":14,"s:126:4:126:94":23,"f:128:2:128:21":15,"s:129:4:129:90":24,"f:132:2:132:11":16,"s:133:4:133:71":25,"f:135:2:135:19":17,"s:136:4:136:85":26,"f:139:2:139:13":18,"s:140:4:140:Infinity":27}}}
,"/Users/yatishgurrala/Desktop/PersonalDocs/Side hustle/DEV/builddeck.io files/builddeck/lib/errors.ts": {"path":"/Users/yatishgurrala/Desktop/PersonalDocs/Side hustle/DEV/builddeck.io files/builddeck/lib/errors.ts","statementMap":{"0":{"start":{"line":27,"column":50},"end":{"line":37,"column":null}},"1":{"start":{"line":40,"column":54},"end":{"line":50,"column":null}},"2":{"start":{"line":60,"column":2},"end":{"line":65,"column":null}},"3":{"start":{"line":72,"column":2},"end":{"line":76,"column":null}},"4":{"start":{"line":85,"column":2},"end":{"line":86,"column":null}},"5":{"start":{"line":86,"column":4},"end":{"line":86,"column":null}},"6":{"start":{"line":90,"column":2},"end":{"line":121,"column":null}},"7":{"start":{"line":92,"column":4},"end":{"line":94,"column":null}},"8":{"start":{"line":94,"column":6},"end":{"line":94,"column":null}},"9":{"start":{"line":97,"column":4},"end":{"line":98,"column":null}},"10":{"start":{"line":98,"column":6},"end":{"line":98,"column":null}},"11":{"start":{"line":101,"column":4},"end":{"line":102,"column":null}},"12":{"start":{"line":102,"column":6},"end":{"line":102,"column":null}},"13":{"start":{"line":105,"column":4},"end":{"line":106,"column":null}},"14":{"start":{"line":106,"column":6},"end":{"line":106,"column":null}},"15":{"start":{"line":109,"column":4},"end":{"line":110,"column":null}},"16":{"start":{"line":110,"column":6},"end":{"line":110,"column":null}},"17":{"start":{"line":113,"column":4},"end":{"line":114,"column":null}},"18":{"start":{"line":114,"column":6},"end":{"line":114,"column":null}},"19":{"start":{"line":117,"column":4},"end":{"line":118,"column":null}},"20":{"start":{"line":118,"column":6},"end":{"line":118,"column":null}},"21":{"start":{"line":121,"column":4},"end":{"line":121,"column":null}},"22":{"start":{"line":125,"column":2},"end":{"line":126,"column":null}},"23":{"start":{"line":126,"column":4},"end":{"line":126,"column":null}},"24":{"start":{"line":130,"column":2},"end":{"line":130,"column":null}},"25":{"start":{"line":137,"column":19},"end":{"line":137,"column":36}},"26":{"start":{"line":138,"column":2},"end":{"line":138,"column":null}},"27":{"start":{"line":152,"column":19},"end":{"line":152,"column":64}},"28":{"start":{"line":154,"column":21},"end":{"line":160,"column":null}},"29":{"start":{"line":163,"column":2},"end":{"line":167,"column":null}},"30":{"start":{"line":165,"column":4},"end":{"line":165,"column":null}},"31":{"start":{"line":167,"column":4},"end":{"line":167,"column":null}},"32":{"start":{"line":172,"column":22},"end":{"line":182,"column":null}},"33":{"start":{"line":173,"column":36},"end":{"line":173,"column":76}},"34":{"start":{"line":174,"column":30},"end":{"line":174,"column":91}},"35":{"start":{"line":176,"column":4},"end":{"line":176,"column":76}},"36":{"start":{"line":177,"column":26},"end":{"line":177,"column":76}},"37":{"start":{"line":178,"column":35},"end":{"line":178,"column":84}},"38":{"start":{"line":179,"column":21},"end":{"line":179,"column":48}},"39":{"start":{"line":181,"column":4},"end":{"line":181,"column":null}},"40":{"start":{"line":191,"column":2},"end":{"line":202,"column":null}},"41":{"start":{"line":192,"column":17},"end":{"line":192,"column":27}},"42":{"start":{"line":193,"column":4},"end":{"line":193,"column":null}},"43":{"start":{"line":196,"column":4},"end":{"line":197,"column":null}},"44":{"start":{"line":197,"column":6},"end":{"line":197,"column":null}},"45":{"start":{"line":200,"column":4},"end":{"line":200,"column":null}},"46":{"start":{"line":201,"column":21},"end":{"line":201,"column":38}},"47":{"start":{"line":202,"column":4},"end":{"line":202,"column":null}},"48":{"start":{"line":213,"column":17},"end":{"line":213,"column":39}},"49":{"start":{"line":214,"column":2},"end":{"line":218,"column":null}},"50":{"start":{"line":215,"column":4},"end":{"line":218,"column":null}},"51":{"start":{"line":220,"column":2},"end":{"line":220,"column":null}},"52":{"start":{"line":227,"column":2},"end":{"line":228,"column":null}},"53":{"start":{"line":228,"column":4},"end":{"line":228,"column":null}},"54":{"start":{"line":236,"column":2},"end":{"line":236,"column":null}},"55":{"start":{"line":237,"column":2},"end":{"line":238,"column":null}},"56":{"start":{"line":238,"column":4},"end":{"line":238,"column":null}}},"fnMap":{"0":{"name":"createError","decl":{"start":{"line":55,"column":16},"end":{"line":55,"column":null}},"loc":{"start":{"line":59,"column":12},"end":{"line":65,"column":null}},"line":59},"1":{"name":"isAppError","decl":{"start":{"line":71,"column":16},"end":{"line":71,"column":27}},"loc":{"start":{"line":71,"column":62},"end":{"line":76,"column":null}},"line":71},"2":{"name":"parseError","decl":{"start":{"line":83,"column":16},"end":{"line":83,"column":27}},"loc":{"start":{"line":83,"column":53},"end":{"line":130,"column":null}},"line":83},"3":{"name":"getErrorMessage","decl":{"start":{"line":136,"column":16},"end":{"line":136,"column":32}},"loc":{"start":{"line":136,"column":56},"end":{"line":138,"column":null}},"line":136},"4":{"name":"logError","decl":{"start":{"line":144,"column":16},"end":{"line":144,"column":null}},"loc":{"start":{"line":151,"column":8},"end":{"line":167,"column":null}},"line":151},"5":{"name":"(anonymous_5)","decl":{"start":{"line":173,"column":2},"end":{"line":173,"column":15}},"loc":{"start":{"line":173,"column":36},"end":{"line":173,"column":76}},"line":173},"6":{"name":"(anonymous_6)","decl":{"start":{"line":174,"column":2},"end":{"line":174,"column":9}},"loc":{"start":{"line":174,"column":30},"end":{"line":174,"column":91}},"line":174},"7":{"name":"(anonymous_7)","decl":{"start":{"line":175,"column":2},"end":{"line":175,"column":13}},"loc":{"start":{"line":176,"column":4},"end":{"line":176,"column":76}},"line":176},"8":{"name":"(anonymous_8)","decl":{"start":{"line":177,"column":2},"end":{"line":177,"column":26}},"loc":{"start":{"line":177,"column":26},"end":{"line":177,"column":76}},"line":177},"9":{"name":"(anonymous_9)","decl":{"start":{"line":178,"column":2},"end":{"line":178,"column":13}},"loc":{"start":{"line":178,"column":35},"end":{"line":178,"column":84}},"line":178},"10":{"name":"(anonymous_10)","decl":{"start":{"line":179,"column":2},"end":{"line":179,"column":21}},"loc":{"start":{"line":179,"column":21},"end":{"line":179,"column":48}},"line":179},"11":{"name":"(anonymous_11)","decl":{"start":{"line":180,"column":2},"end":{"line":180,"column":20}},"loc":{"start":{"line":181,"column":4},"end":{"line":181,"column":null}},"line":181},"12":{"name":"withErrorHandling","decl":{"start":{"line":187,"column":22},"end":{"line":187,"column":null}},"loc":{"start":{"line":190,"column":75},"end":{"line":202,"column":null}},"line":190},"13":{"name":"validateOrThrow","decl":{"start":{"line":209,"column":16},"end":{"line":209,"column":null}},"loc":{"start":{"line":212,"column":5},"end":{"line":220,"column":null}},"line":212},"14":{"name":"requireAuthOrThrow","decl":{"start":{"line":226,"column":16},"end":{"line":226,"column":35}},"loc":{"start":{"line":226,"column":124},"end":{"line":228,"column":null}},"line":226},"15":{"name":"requireAdminOrThrow","decl":{"start":{"line":235,"column":16},"end":{"line":235,"column":36}},"loc":{"start":{"line":235,"column":101},"end":{"line":238,"column":null}},"line":235}},"branchMap":{"0":{"loc":{"start":{"line":62,"column":13},"end":{"line":62,"column":null}},"type":"binary-expr","locations":[{"start":{"line":62,"column":13},"end":{"line":62,"column":30}},{"start":{"line":62,"column":30},"end":{"line":62,"column":null}}],"line":62},"1":{"loc":{"start":{"line":73,"column":4},"end":{"line":76,"column":null}},"type":"binary-expr","locations":[{"start":{"line":73,"column":4},"end":{"line":73,"column":null}},{"start":{"line":74,"column":4},"end":{"line":74,"column":null}},{"start":{"line":75,"column":4},"end":{"line":75,"column":null}},{"start":{"line":76,"column":4},"end":{"line":76,"column":null}}],"line":73},"2":{"loc":{"start":{"line":85,"column":2},"end":{"line":86,"column":null}},"type":"if","locations":[{"start":{"line":85,"column":2},"end":{"line":86,"column":null}},{"start":{},"end":{}}],"line":85},"3":{"loc":{"start":{"line":90,"column":2},"end":{"line":121,"column":null}},"type":"if","locations":[{"start":{"line":90,"column":2},"end":{"line":121,"column":null}},{"start":{},"end":{}}],"line":90},"4":{"loc":{"start":{"line":92,"column":4},"end":{"line":94,"column":null}},"type":"if","locations":[{"start":{"line":92,"column":4},"end":{"line":94,"column":null}},{"start":{},"end":{}}],"line":92},"5":{"loc":{"start":{"line":97,"column":4},"end":{"line":98,"column":null}},"type":"if","locations":[{"start":{"line":97,"column":4},"end":{"line":98,"column":null}},{"start":{},"end":{}}],"line":97},"6":{"loc":{"start":{"line":97,"column":8},"end":{"line":97,"column":91}},"type":"binary-expr","locations":[{"start":{"line":97,"column":8},"end":{"line":97,"column":46}},{"start":{"line":97,"column":50},"end":{"line":97,"column":91}}],"line":97},"7":{"loc":{"start":{"line":101,"column":4},"end":{"line":102,"column":null}},"type":"if","locations":[{"start":{"line":101,"column":4},"end":{"line":102,"column":null}},{"start":{},"end":{}}],"line":101},"8":{"loc":{"start":{"line":101,"column":8},"end":{"line":101,"column":76}},"type":"binary-expr","locations":[{"start":{"line":101,"column":8},"end":{"line":101,"column":43}},{"start":{"line":101,"column":47},"end":{"line":101,"column":76}}],"line":101},"9":{"loc":{"start":{"line":105,"column":4},"end":{"line":106,"column":null}},"type":"if","locations":[{"start":{"line":105,"column":4},"end":{"line":106,"column":null}},{"start":{},"end":{}}],"line":105},"10":{"loc":{"start":{"line":105,"column":8},"end":{"line":105,"column":83}},"type":"binary-expr","locations":[{"start":{"line":105,"column":8},"end":{"line":105,"column":44}},{"start":{"line":105,"column":48},"end":{"line":105,"column":83}}],"line":105},"11":{"loc":{"start":{"line":109,"column":4},"end":{"line":110,"column":null}},"type":"if","locations":[{"start":{"line":109,"column":4},"end":{"line":110,"column":null}},{"start":{},"end":{}}],"line":109},"12":{"loc":{"start":{"line":109,"column":8},"end":{"line":109,"column":77}},"type":"binary-expr","locations":[{"start":{"line":109,"column":8},"end":{"line":109,"column":44}},{"start":{"line":109,"column":48},"end":{"line":109,"column":77}}],"line":109},"13":{"loc":{"start":{"line":113,"column":4},"end":{"line":114,"column":null}},"type":"if","locations":[{"start":{"line":113,"column":4},"end":{"line":114,"column":null}},{"start":{},"end":{}}],"line":113},"14":{"loc":{"start":{"line":113,"column":8},"end":{"line":113,"column":78}},"type":"binary-expr","locations":[{"start":{"line":113,"column":8},"end":{"line":113,"column":42}},{"start":{"line":113,"column":46},"end":{"line":113,"column":78}}],"line":113},"15":{"loc":{"start":{"line":117,"column":4},"end":{"line":118,"column":null}},"type":"if","locations":[{"start":{"line":117,"column":4},"end":{"line":118,"column":null}},{"start":{},"end":{}}],"line":117},"16":{"loc":{"start":{"line":117,"column":8},"end":{"line":117,"column":76}},"type":"binary-expr","locations":[{"start":{"line":117,"column":8},"end":{"line":117,"column":41}},{"start":{"line":117,"column":45},"end":{"line":117,"column":76}}],"line":117},"17":{"loc":{"start":{"line":125,"column":2},"end":{"line":126,"column":null}},"type":"if","locations":[{"start":{"line":125,"column":2},"end":{"line":126,"column":null}},{"start":{},"end":{}}],"line":125},"18":{"loc":{"start":{"line":152,"column":19},"end":{"line":152,"column":64}},"type":"cond-expr","locations":[{"start":{"line":152,"column":39},"end":{"line":152,"column":47}},{"start":{"line":152,"column":47},"end":{"line":152,"column":64}}],"line":152},"19":{"loc":{"start":{"line":163,"column":2},"end":{"line":167,"column":null}},"type":"if","locations":[{"start":{"line":163,"column":2},"end":{"line":167,"column":null}},{"start":{"line":166,"column":9},"end":{"line":167,"column":null}}],"line":163},"20":{"loc":{"start":{"line":174,"column":56},"end":{"line":174,"column":91}},"type":"binary-expr","locations":[{"start":{"line":174,"column":56},"end":{"line":174,"column":67}},{"start":{"line":174,"column":67},"end":{"line":174,"column":91}}],"line":174},"21":{"loc":{"start":{"line":176,"column":29},"end":{"line":176,"column":76}},"type":"cond-expr","locations":[{"start":{"line":176,"column":40},"end":{"line":176,"column":66}},{"start":{"line":176,"column":66},"end":{"line":176,"column":76}}],"line":176},"22":{"loc":{"start":{"line":181,"column":42},"end":{"line":181,"column":null}},"type":"cond-expr","locations":[{"start":{"line":181,"column":52},"end":{"line":181,"column":82}},{"start":{"line":181,"column":82},"end":{"line":181,"column":null}}],"line":181},"23":{"loc":{"start":{"line":196,"column":4},"end":{"line":197,"column":null}},"type":"if","locations":[{"start":{"line":196,"column":4},"end":{"line":197,"column":null}},{"start":{},"end":{}}],"line":196},"24":{"loc":{"start":{"line":196,"column":8},"end":{"line":196,"column":73}},"type":"binary-expr","locations":[{"start":{"line":196,"column":8},"end":{"line":196,"column":34}},{"start":{"line":196,"column":34},"end":{"line":196,"column":73}}],"line":196},"25":{"loc":{"start":{"line":214,"column":2},"end":{"line":218,"column":null}},"type":"if","locations":[{"start":{"line":214,"column":2},"end":{"line":218,"column":null}},{"start":{},"end":{}}],"line":214},"26":{"loc":{"start":{"line":217,"column":6},"end":{"line":217,"column":null}},"type":"binary-expr","locations":[{"start":{"line":217,"column":6},"end":{"line":217,"column":42}},{"start":{"line":217,"column":42},"end":{"line":217,"column":null}}],"line":217},"27":{"loc":{"start":{"line":227,"column":2},"end":{"line":228,"column":null}},"type":"if","locations":[{"start":{"line":227,"column":2},"end":{"line":228,"column":null}},{"start":{},"end":{}}],"line":227},"28":{"loc":{"start":{"line":237,"column":2},"end":{"line":238,"column":null}},"type":"if","locations":[{"start":{"line":237,"column":2},"end":{"line":238,"column":null}},{"start":{},"end":{}}],"line":237}},"s":{"0":1,"1":1,"2":44,"3":36,"4":18,"5":2,"6":16,"7":13,"8":1,"9":12,"10":1,"11":11,"12":1,"13":10,"14":1,"15":9,"16":1,"17":8,"18":1,"19":7,"20":1,"21":6,"22":3,"23":1,"24":2,"25":3,"26":3,"27":4,"28":4,"29":4,"30":0,"31":4,"32":1,"33":1,"34":6,"35":1,"36":3,"37":1,"38":1,"39":1,"40":4,"41":4,"42":1,"43":3,"44":1,"45":2,"46":2,"47":2,"48":3,"49":3,"50":2,"51":1,"52":9,"53":5,"54":4,"55":4,"56":2},"f":{"0":44,"1":36,"2":18,"3":3,"4":4,"5":1,"6":6,"7":1,"8":3,"9":1,"10":1,"11":1,"12":4,"13":3,"14":9,"15":4},"b":{"0":[44,21],"1":[36,33,31,13],"2":[2,16],"3":[13,3],"4":[1,12],"5":[1,11],"6":[12,11],"7":[1,10],"8":[11,10],"9":[1,9],"10":[10,9],"11":[1,8],"12":[9,8],"13":[1,7],"14":[8,8],"15":[1,6],"16":[7,6],"17":[1,2],"18":[1,3],"19":[0,4],"20":[6,6],"21":[1,0],"22":[1,0],"23":[1,2],"24":[3,3],"25":[2,1],"26":[2,0],"27":[5,4],"28":[2,2]},"meta":{"lastBranch":29,"lastFunction":16,"lastStatement":57,"seen":{"s:27:50:37:Infinity":0,"s:40:54:50:Infinity":1,"f:55:16:55:Infinity":0,"s:60:2:65:Infinity":2,"b:62:13:62:30:62:30:62:Infinity":0,"f:71:16:71:27":1,"s:72:2:76:Infinity":3,"b:73:4:73:Infinity:74:4:74:Infinity:75:4:75:Infinity:76:4:76:Infinity":1,"f:83:16:83:27":2,"b:85:2:86:Infinity:undefined:undefined:undefined:undefined":2,"s:85:2:86:Infinity":4,"s:86:4:86:Infinity":5,"b:90:2:121:Infinity:undefined:undefined:undefined:undefined":3,"s:90:2:121:Infinity":6,"b:92:4:94:Infinity:undefined:undefined:undefined:undefined":4,"s:92:4:94:Infinity":7,"s:94:6:94:Infinity":8,"b:97:4:98:Infinity:undefined:undefined:undefined:undefined":5,"s:97:4:98:Infinity":9,"b:97:8:97:46:97:50:97:91":6,"s:98:6:98:Infinity":10,"b:101:4:102:Infinity:undefined:undefined:undefined:undefined":7,"s:101:4:102:Infinity":11,"b:101:8:101:43:101:47:101:76":8,"s:102:6:102:Infinity":12,"b:105:4:106:Infinity:undefined:undefined:undefined:undefined":9,"s:105:4:106:Infinity":13,"b:105:8:105:44:105:48:105:83":10,"s:106:6:106:Infinity":14,"b:109:4:110:Infinity:undefined:undefined:undefined:undefined":11,"s:109:4:110:Infinity":15,"b:109:8:109:44:109:48:109:77":12,"s:110:6:110:Infinity":16,"b:113:4:114:Infinity:undefined:undefined:undefined:undefined":13,"s:113:4:114:Infinity":17,"b:113:8:113:42:113:46:113:78":14,"s:114:6:114:Infinity":18,"b:117:4:118:Infinity:undefined:undefined:undefined:undefined":15,"s:117:4:118:Infinity":19,"b:117:8:117:41:117:45:117:76":16,"s:118:6:118:Infinity":20,"s:121:4:121:Infinity":21,"b:125:2:126:Infinity:undefined:undefined:undefined:undefined":17,"s:125:2:126:Infinity":22,"s:126:4:126:Infinity":23,"s:130:2:130:Infinity":24,"f:136:16:136:32":3,"s:137:19:137:36":25,"s:138:2:138:Infinity":26,"f:144:16:144:Infinity":4,"s:152:19:152:64":27,"b:152:39:152:47:152:47:152:64":18,"s:154:21:160:Infinity":28,"b:163:2:167:Infinity:166:9:167:Infinity":19,"s:163:2:167:Infinity":29,"s:165:4:165:Infinity":30,"s:167:4:167:Infinity":31,"s:172:22:182:Infinity":32,"f:173:2:173:15":5,"s:173:36:173:76":33,"f:174:2:174:9":6,"s:174:30:174:91":34,"b:174:56:174:67:174:67:174:91":20,"f:175:2:175:13":7,"s:176:4:176:76":35,"b:176:40:176:66:176:66:176:76":21,"f:177:2:177:26":8,"s:177:26:177:76":36,"f:178:2:178:13":9,"s:178:35:178:84":37,"f:179:2:179:21":10,"s:179:21:179:48":38,"f:180:2:180:20":11,"s:181:4:181:Infinity":39,"b:181:52:181:82:181:82:181:Infinity":22,"f:187:22:187:Infinity":12,"s:191:2:202:Infinity":40,"s:192:17:192:27":41,"s:193:4:193:Infinity":42,"b:196:4:197:Infinity:undefined:undefined:undefined:undefined":23,"s:196:4:197:Infinity":43,"b:196:8:196:34:196:34:196:73":24,"s:197:6:197:Infinity":44,"s:200:4:200:Infinity":45,"s:201:21:201:38":46,"s:202:4:202:Infinity":47,"f:209:16:209:Infinity":13,"s:213:17:213:39":48,"b:214:2:218:Infinity:undefined:undefined:undefined:undefined":25,"s:214:2:218:Infinity":49,"s:215:4:218:Infinity":50,"b:217:6:217:42:217:42:217:Infinity":26,"s:220:2:220:Infinity":51,"f:226:16:226:35":14,"b:227:2:228:Infinity:undefined:undefined:undefined:undefined":27,"s:227:2:228:Infinity":52,"s:228:4:228:Infinity":53,"f:235:16:235:36":15,"s:236:2:236:Infinity":54,"b:237:2:238:Infinity:undefined:undefined:undefined:undefined":28,"s:237:2:238:Infinity":55,"s:238:4:238:Infinity":56}}}
,"/Users/yatishgurrala/Desktop/PersonalDocs/Side hustle/DEV/builddeck.io files/builddeck/lib/utils.ts": {"path":"/Users/yatishgurrala/Desktop/PersonalDocs/Side hustle/DEV/builddeck.io files/builddeck/lib/utils.ts","statementMap":{"0":{"start":{"line":5,"column":2},"end":{"line":5,"column":null}},"1":{"start":{"line":9,"column":2},"end":{"line":13,"column":null}},"2":{"start":{"line":17,"column":2},"end":{"line":21,"column":null}},"3":{"start":{"line":25,"column":2},"end":{"line":25,"column":null}},"4":{"start":{"line":25,"column":29},"end":{"line":25,"column":null}},"5":{"start":{"line":26,"column":2},"end":{"line":26,"column":null}},"6":{"start":{"line":30,"column":2},"end":{"line":35,"column":null}},"7":{"start":{"line":32,"column":16},"end":{"line":32,"column":21}}},"fnMap":{"0":{"name":"cn","decl":{"start":{"line":4,"column":16},"end":{"line":4,"column":19}},"loc":{"start":{"line":4,"column":44},"end":{"line":5,"column":null}},"line":4},"1":{"name":"slugify","decl":{"start":{"line":8,"column":16},"end":{"line":8,"column":24}},"loc":{"start":{"line":8,"column":46},"end":{"line":13,"column":null}},"line":8},"2":{"name":"formatDate","decl":{"start":{"line":16,"column":16},"end":{"line":16,"column":27}},"loc":{"start":{"line":16,"column":56},"end":{"line":21,"column":null}},"line":16},"3":{"name":"truncate","decl":{"start":{"line":24,"column":16},"end":{"line":24,"column":25}},"loc":{"start":{"line":24,"column":63},"end":{"line":26,"column":null}},"line":24},"4":{"name":"getInitials","decl":{"start":{"line":29,"column":16},"end":{"line":29,"column":28}},"loc":{"start":{"line":29,"column":50},"end":{"line":35,"column":null}},"line":29},"5":{"name":"(anonymous_5)","decl":{"start":{"line":32,"column":5},"end":{"line":32,"column":10}},"loc":{"start":{"line":32,"column":16},"end":{"line":32,"column":21}},"line":32}},"branchMap":{"0":{"loc":{"start":{"line":25,"column":2},"end":{"line":25,"column":null}},"type":"if","locations":[{"start":{"line":25,"column":2},"end":{"line":25,"column":null}},{"start":{},"end":{}}],"line":25}},"s":{"0":53,"1":18,"2":8,"3":7,"4":3,"5":4,"6":8,"7":19},"f":{"0":53,"1":18,"2":8,"3":7,"4":8,"5":19},"b":{"0":[3,4]},"meta":{"lastBranch":1,"lastFunction":6,"lastStatement":8,"seen":{"f:4:16:4:19":0,"s:5:2:5:Infinity":0,"f:8:16:8:24":1,"s:9:2:13:Infinity":1,"f:16:16:16:27":2,"s:17:2:21:Infinity":2,"f:24:16:24:25":3,"b:25:2:25:Infinity:undefined:undefined:undefined:undefined":0,"s:25:2:25:Infinity":3,"s:25:29:25:Infinity":4,"s:26:2:26:Infinity":5,"f:29:16:29:28":4,"s:30:2:35:Infinity":6,"f:32:5:32:10":5,"s:32:16:32:21":7}}}
,"/Users/yatishgurrala/Desktop/PersonalDocs/Side hustle/DEV/builddeck.io files/builddeck/lib/validations.ts": {"path":"/Users/yatishgurrala/Desktop/PersonalDocs/Side hustle/DEV/builddeck.io files/builddeck/lib/validations.ts","statementMap":{"0":{"start":{"line":3,"column":29},"end":{"line":18,"column":2}},"1":{"start":{"line":20,"column":27},"end":{"line":23,"column":2}},"2":{"start":{"line":25,"column":28},"end":{"line":35,"column":4}},"3":{"start":{"line":32,"column":20},"end":{"line":32,"column":60}},"4":{"start":{"line":37,"column":32},"end":{"line":39,"column":2}}},"fnMap":{"0":{"name":"(anonymous_0)","decl":{"start":{"line":32,"column":3},"end":{"line":32,"column":11}},"loc":{"start":{"line":32,"column":20},"end":{"line":32,"column":60}},"line":32}},"branchMap":{},"s":{"0":4,"1":4,"2":4,"3":15,"4":4},"f":{"0":15},"b":{},"meta":{"lastBranch":0,"lastFunction":1,"lastStatement":5,"seen":{"s:3:29:18:2":0,"s:20:27:23:2":1,"s:25:28:35:4":2,"f:32:3:32:11":0,"s:32:20:32:60":3,"s:37:32:39:2":4}}}
,"/Users/yatishgurrala/Desktop/PersonalDocs/Side hustle/DEV/builddeck.io files/builddeck/lib/db/queries/categories.ts": {"path":"/Users/yatishgurrala/Desktop/PersonalDocs/Side hustle/DEV/builddeck.io files/builddeck/lib/db/queries/categories.ts","statementMap":{"0":{"start":{"line":4,"column":2},"end":{"line":7,"column":null}},"1":{"start":{"line":11,"column":13},"end":{"line":11,"column":58}},"2":{"start":{"line":11,"column":38},"end":{"line":11,"column":58}},"3":{"start":{"line":14,"column":2},"end":{"line":16,"column":null}},"4":{"start":{"line":20,"column":2},"end":{"line":22,"column":null}},"5":{"start":{"line":26,"column":21},"end":{"line":38,"column":4}},"6":{"start":{"line":40,"column":2},"end":{"line":43,"column":null}},"7":{"start":{"line":40,"column":34},"end":{"line":43,"column":5}}},"fnMap":{"0":{"name":"getCategories","decl":{"start":{"line":3,"column":22},"end":{"line":3,"column":36}},"loc":{"start":{"line":3,"column":61},"end":{"line":7,"column":null}},"line":3},"1":{"name":"(anonymous_1)","decl":{"start":{"line":11,"column":13},"end":{"line":11,"column":38}},"loc":{"start":{"line":11,"column":38},"end":{"line":11,"column":58}},"line":11},"2":{"name":"getCategoryBySlug","decl":{"start":{"line":13,"column":22},"end":{"line":13,"column":40}},"loc":{"start":{"line":13,"column":54},"end":{"line":16,"column":null}},"line":13},"3":{"name":"getCategoryById","decl":{"start":{"line":19,"column":22},"end":{"line":19,"column":38}},"loc":{"start":{"line":19,"column":50},"end":{"line":22,"column":null}},"line":19},"4":{"name":"getCategoriesWithProductCount","decl":{"start":{"line":25,"column":22},"end":{"line":25,"column":54}},"loc":{"start":{"line":25,"column":54},"end":{"line":43,"column":null}},"line":25},"5":{"name":"(anonymous_5)","decl":{"start":{"line":40,"column":20},"end":{"line":40,"column":25}},"loc":{"start":{"line":40,"column":34},"end":{"line":43,"column":5}},"line":40}},"branchMap":{"0":{"loc":{"start":{"line":3,"column":36},"end":{"line":3,"column":61}},"type":"default-arg","locations":[{"start":{"line":3,"column":54},"end":{"line":3,"column":61}}],"line":3},"1":{"loc":{"start":{"line":5,"column":11},"end":{"line":5,"column":52}},"type":"cond-expr","locations":[{"start":{"line":5,"column":29},"end":{"line":5,"column":31}},{"start":{"line":5,"column":34},"end":{"line":5,"column":52}}],"line":5}},"s":{"0":4,"1":1,"2":1,"3":2,"4":2,"5":3,"6":3,"7":2},"f":{"0":4,"1":1,"2":2,"3":2,"4":3,"5":2},"b":{"0":[4],"1":[1,3]},"meta":{"lastBranch":2,"lastFunction":6,"lastStatement":8,"seen":{"f:3:22:3:36":0,"b:3:54:3:61":0,"s:4:2:7:Infinity":0,"b:5:29:5:31:5:34:5:52":1,"s:11:13:11:58":1,"f:11:13:11:38":1,"s:11:38:11:58":2,"f:13:22:13:40":2,"s:14:2:16:Infinity":3,"f:19:22:19:38":3,"s:20:2:22:Infinity":4,"f:25:22:25:54":4,"s:26:21:38:4":5,"s:40:2:43:Infinity":6,"f:40:20:40:25":5,"s:40:34:43:5":7}}}
,"/Users/yatishgurrala/Desktop/PersonalDocs/Side hustle/DEV/builddeck.io files/builddeck/lib/db/queries/products.ts": {"path":"/Users/yatishgurrala/Desktop/PersonalDocs/Side hustle/DEV/builddeck.io files/builddeck/lib/db/queries/products.ts","statementMap":{"0":{"start":{"line":23,"column":23},"end":{"line":34,"column":null}},"1":{"start":{"line":41,"column":40},"end":{"line":41,"column":53}},"2":{"start":{"line":42,"column":15},"end":{"line":42,"column":null}},"3":{"start":{"line":43,"column":19},"end":{"line":43,"column":null}},"4":{"start":{"line":44,"column":8},"end":{"line":44,"column":null}},"5":{"start":{"line":47,"column":21},"end":{"line":47,"column":23}},"6":{"start":{"line":49,"column":2},"end":{"line":50,"column":null}},"7":{"start":{"line":50,"column":4},"end":{"line":50,"column":null}},"8":{"start":{"line":52,"column":2},"end":{"line":53,"column":null}},"9":{"start":{"line":53,"column":4},"end":{"line":53,"column":null}},"10":{"start":{"line":55,"column":2},"end":{"line":56,"column":null}},"11":{"start":{"line":56,"column":4},"end":{"line":56,"column":null}},"12":{"start":{"line":58,"column":2},"end":{"line":59,"column":null}},"13":{"start":{"line":59,"column":4},"end":{"line":59,"column":null}},"14":{"start":{"line":61,"column":2},"end":{"line":66,"column":null}},"15":{"start":{"line":62,"column":4},"end":{"line":66,"column":null}},"16":{"start":{"line":69,"column":28},"end":{"line":78,"column":4}},"17":{"start":{"line":80,"column":2},"end":{"line":87,"column":null}},"18":{"start":{"line":91,"column":2},"end":{"line":94,"column":null}},"19":{"start":{"line":98,"column":2},"end":{"line":101,"column":null}},"20":{"start":{"line":105,"column":2},"end":{"line":113,"column":null}},"21":{"start":{"line":117,"column":2},"end":{"line":122,"column":null}},"22":{"start":{"line":126,"column":19},"end":{"line":128,"column":4}},"23":{"start":{"line":130,"column":2},"end":{"line":130,"column":null}},"24":{"start":{"line":130,"column":17},"end":{"line":130,"column":null}},"25":{"start":{"line":132,"column":2},"end":{"line":135,"column":null}},"26":{"start":{"line":139,"column":2},"end":{"line":143,"column":null}},"27":{"start":{"line":147,"column":2},"end":{"line":151,"column":null}},"28":{"start":{"line":155,"column":2},"end":{"line":167,"column":null}},"29":{"start":{"line":171,"column":2},"end":{"line":174,"column":null}},"30":{"start":{"line":187,"column":6},"end":{"line":195,"column":4}},"31":{"start":{"line":197,"column":2},"end":{"line":205,"column":null}}},"fnMap":{"0":{"name":"getProducts","decl":{"start":{"line":36,"column":22},"end":{"line":36,"column":34}},"loc":{"start":{"line":40,"column":3},"end":{"line":87,"column":null}},"line":40},"1":{"name":"getProductBySlug","decl":{"start":{"line":90,"column":22},"end":{"line":90,"column":39}},"loc":{"start":{"line":90,"column":53},"end":{"line":94,"column":null}},"line":90},"2":{"name":"getProductById","decl":{"start":{"line":97,"column":22},"end":{"line":97,"column":37}},"loc":{"start":{"line":97,"column":49},"end":{"line":101,"column":null}},"line":97},"3":{"name":"getFeaturedProducts","decl":{"start":{"line":104,"column":22},"end":{"line":104,"column":42}},"loc":{"start":{"line":104,"column":53},"end":{"line":113,"column":null}},"line":104},"4":{"name":"getLatestProducts","decl":{"start":{"line":116,"column":22},"end":{"line":116,"column":40}},"loc":{"start":{"line":116,"column":52},"end":{"line":122,"column":null}},"line":116},"5":{"name":"getProductsByCategory","decl":{"start":{"line":125,"column":22},"end":{"line":125,"column":44}},"loc":{"start":{"line":125,"column":98},"end":{"line":135,"column":null}},"line":125},"6":{"name":"getUserProducts","decl":{"start":{"line":138,"column":22},"end":{"line":138,"column":38}},"loc":{"start":{"line":138,"column":86},"end":{"line":143,"column":null}},"line":138},"7":{"name":"getProductsByUser","decl":{"start":{"line":146,"column":22},"end":{"line":146,"column":40}},"loc":{"start":{"line":146,"column":56},"end":{"line":151,"column":null}},"line":146},"8":{"name":"searchProducts","decl":{"start":{"line":154,"column":22},"end":{"line":154,"column":37}},"loc":{"start":{"line":154,"column":64},"end":{"line":167,"column":null}},"line":154},"9":{"name":"incrementViewCount","decl":{"start":{"line":170,"column":22},"end":{"line":170,"column":41}},"loc":{"start":{"line":170,"column":60},"end":{"line":174,"column":null}},"line":170},"10":{"name":"getAdminStats","decl":{"start":{"line":178,"column":22},"end":{"line":178,"column":38}},"loc":{"start":{"line":178,"column":38},"end":{"line":205,"column":null}},"line":178}},"branchMap":{"0":{"loc":{"start":{"line":41,"column":40},"end":{"line":41,"column":53}},"type":"binary-expr","locations":[{"start":{"line":41,"column":40},"end":{"line":41,"column":51}},{"start":{"line":41,"colum
[...]
,"/Users/yatishgurrala/Desktop/PersonalDocs/Side hustle/DEV/builddeck.io files/builddeck/lib/social/service.ts": {"path":"/Users/yatishgurrala/Desktop/PersonalDocs/Side hustle/DEV/builddeck.io files/builddeck/lib/social/service.ts","statementMap":{"0":{"start":{"line":7,"column":58},"end":{"line":10,"column":null}},"1":{"start":{"line":18,"column":18},"end":{"line":21,"column":4}},"2":{"start":{"line":23,"column":2},"end":{"line":24,"column":null}},"3":{"start":{"line":24,"column":4},"end":{"line":24,"column":null}},"4":{"start":{"line":28,"column":8},"end":{"line":34,"column":4}},"5":{"start":{"line":37,"column":22},"end":{"line":47,"column":null}},"6":{"start":{"line":39,"column":6},"end":{"line":46,"column":8}},"7":{"start":{"line":50,"column":2},"end":{"line":50,"column":null}},"8":{"start":{"line":57,"column":2},"end":{"line":60,"column":null}},"9":{"start":{"line":70,"column":56},"end":{"line":70,"column":58}},"10":{"start":{"line":72,"column":2},"end":{"line":73,"column":null}},"11":{"start":{"line":73,"column":4},"end":{"line":73,"column":null}},"12":{"start":{"line":76,"column":2},"end":{"line":77,"column":null}},"13":{"start":{"line":77,"column":4},"end":{"line":77,"column":null}},"14":{"start":{"line":80,"column":2},"end":{"line":94,"column":null}},"15":{"start":{"line":101,"column":2},"end":{"line":104,"column":null}},"16":{"start":{"line":112,"column":15},"end":{"line":114,"column":4}},"17":{"start":{"line":116,"column":2},"end":{"line":117,"column":null}},"18":{"start":{"line":117,"column":4},"end":{"line":117,"column":null}},"19":{"start":{"line":120,"column":2},"end":{"line":121,"column":null}},"20":{"start":{"line":121,"column":4},"end":{"line":121,"column":null}},"21":{"start":{"line":125,"column":19},"end":{"line":125,"column":null}},"22":{"start":{"line":127,"column":2},"end":{"line":128,"column":null}},"23":{"start":{"line":128,"column":4},"end":{"line":128,"column":null}},"24":{"start":{"line":131,"column":2},"end":{"line":132,"column":null}},"25":{"start":{"line":132,"column":4},"end":{"line":132,"column":null}},"26":{"start":{"line":136,"column":17},"end":{"line":136,"column":53}},"27":{"start":{"line":139,"column":2},"end":{"line":156,"column":null}},"28":{"start":{"line":140,"column":4},"end":{"line":148,"column":null}},"29":{"start":{"line":150,"column":4},"end":{"line":156,"column":null}},"30":{"start":{"line":159,"column":2},"end":{"line":159,"column":null}},"31":{"start":{"line":166,"column":2},"end":{"line":168,"column":null}},"32":{"start":{"line":176,"column":2},"end":{"line":181,"column":null}},"33":{"start":{"line":184,"column":2},"end":{"line":184,"column":null}},"34":{"start":{"line":191,"column":19},"end":{"line":191,"column":null}},"35":{"start":{"line":192,"column":2},"end":{"line":192,"column":null}}},"fnMap":{"0":{"name":"createDraftsForProduct","decl":{"start":{"line":16,"column":22},"end":{"line":16,"column":45}},"loc":{"start":{"line":16,"column":64},"end":{"line":50,"column":null}},"line":16},"1":{"name":"(anonymous_1)","decl":{"start":{"line":38,"column":11},"end":{"line":38,"column":15}},"loc":{"start":{"line":39,"column":6},"end":{"line":46,"column":8}},"line":39},"2":{"name":"getSocialPostsForProduct","decl":{"start":{"line":56,"column":22},"end":{"line":56,"column":47}},"loc":{"start":{"line":56,"column":66},"end":{"line":60,"column":null}},"line":56},"3":{"name":"getAllSocialPosts","decl":{"start":{"line":66,"column":22},"end":{"line":66,"column":40}},"loc":{"start":{"line":69,"column":3},"end":{"line":94,"column":null}},"line":69},"4":{"name":"updateSocialPost","decl":{"start":{"line":100,"column":22},"end":{"line":100,"column":39}},"loc":{"start":{"line":100,"column":72},"end":{"line":104,"column":null}},"line":100},"5":{"name":"publishSocialPost","decl":{"start":{"line":110,"column":22},"end":{"line":110,"column":40}},"loc":{"start":{"line":110,"column":80},"end":{"line":159,"column":null}},"line":110},"6":{"name":"deleteSocialPost","decl":{"start":{"line":165,"column":22},"end":{"line":165,"column":39}},"loc":{"start":{"line":165,"column":55},"end":{"line":168,"column":null}},"line":165},"7":{"name":"regenerateDrafts","decl":{"start":{"line":174,"column":22},"end":{"line":174,"column":39}},"loc":{"start":{"line":174,"column":58},"end":{"line":184,"column":null}},"line":174},"8":{"name":"isProviderConfigured","decl":{"start":{"line":190,"column":16},"end":{"line":190,"column":37}},"loc":{"start":{"line":190,"column":72},"end":{"line":192,"column":null}},"line":190}},"branchMap":{"0":{"loc":{"start":{"line":23,"column":2},"end":{"line":24,"column":null}},"type":"if","locations":[{"start":{"line":23,"column":2},"end":{"line":24,"column":null}},{"start":{},"end":{}}],"line":23},"1":{"loc":{"start":{"line":72,"column":2},"end":{"line":73,"column":null}},"type":"if","locations":[{"start":{"line":72,"column":2},"end":{"line":73,"column":null}},{"start":{},"end":{}}],"line":72},"2":{"loc":{"start":{"line":76,"column":2},"end":{"line":77,"column":null}},"type":"if","locations":[{"start":{"line":76,"column":2},"end":{"line":77,"column":null}},{"start":{},"end":{}}],"line":76},"3":{"loc":{"start":{"line":116,"column":2},"end":{"line":117,"column":null}},"type":"if","locations":[{"start":{"line":116,"column":2},"end":{"line":117,"column":null}},{"start":{},"end":{}}],"line":116},"4":{"loc":{"start":{"line":120,"column":2},"end":{"line":121,"column":null}},"type":"if","locations":[{"start":{"line":120,"column":2},"end":{"line":121,"column":null}},{"start":{},"end":{}}],"line":120},"5":{"loc":{"start":{"line":127,"column":2},"end":{"line":128,"column":null}},"type":"if","locations":[{"start":{"line":127,"column":2},"end":{"line":128,"column":null}},{"start":{},"end":{}}],"line":127},"6":{"loc":{"start":{"line":131,"column":2},"end":{"line":132,"column":null}},"type":"if","locations":[{"start":{"line":131,"column":2},"end":{"line":132,"column":null}},{"start":{},"end":{}}],"line":131},"7":{"loc":{"start":{"line":139,"column":2},"end":{"line":156,"column":null}},"type":"if","locations":[{"start":{"line":139,"column":2},"end":{"line":156,"column":null}},{"start":{"line":149,"column":9},"end":{"line":156,"column":null}}],"line":139},"8":{"loc":{"start":{"line":192,"column":9},"end":{"line":192,"column":null}},"type":"binary-expr","locations":[{"start":{"line":192,"column":9},"end":{"line":192,"column":33}},{"start":{"line":192,"column":37},"end":{"line":192,"column":null}}],"line":192}},"s":{"0":1,"1":5,"2":5,"3":1,"4":4,"5":4,"6":8,"7":4,"8":2,"9":4,"10":4,"11":2,"12":4,"13":2,"14":4,"15":1,"16":3,"17":3,"18":1,"19":2,"20":1,"21":1,"22":1,"23":0,"24":1,"25":0,"26":1,"27":1,"28":1,"29":0,"30":1,"31":1,"32":2,"33":2,"34":2,"35":2},"f":{"0":5,"1":8,"2":2,"3":4,"4":1,"5":3,"6":1,"7":2,"8":2},"b":{"0":[1,4],"1":[2,2],"2":[2,2],"3":[1,2],"4":[1,1],"5":[0,1],"6":[0,1],"7":[1,0],"8":[2,0]},"meta":{"lastBranch":9,"lastFunction":9,"lastStatement":36,"seen":{"s:7:58:10:Infinity":0,"f:16:22:16:45":0,"s:18:18:21:4":1,"b:23:2:24:Infinity:undefined:undefined:undefined:undefined":0,"s:23:2:24:Infinity":2,"s:24:4:24:Infinity":3,"s:28:8:34:4":4,"s:37:22:47:Infinity":5,"f:38:11:38:15":1,"s:39:6:46:8":6,"s:50:2:50:Infinity":7,"f:56:22:56:47":2,"s:57:2:60:Infinity":8,"f:66:22:66:40":3,"s:70:56:70:58":9,"b:72:2:73:Infinity:undefined:undefined:undefined:undefined":1,"s:72:2:73:Infinity":10,"s:73:4:73:Infinity":11,"b:76:2:77:Infinity:undefined:undefined:undefined:undefined":2,"s:76:2:77:Infinity":12,"s:77:4:77:Infinity":13,"s:80:2:94:Infinity":14,"f:100:22:100:39":4,"s:101:2:104:Infinity":15,"f:110:22:110:40":5,"s:112:15:114:4":16,"b:116:2:117:Infinity:undefined:undefined:undefined:undefined":3,"s:116:2:117:Infinity":17,"s:117:4:117:Infinity":18,"b:120:2:121:Infinity:undefined:undefined:undefined:undefined":4,"s:120:2:121:Infinity":19,"s:121:4:121:Infinity":20,"s:125:19:125:Infinity":21,"b:127:2:128:Infinity:undefined:undefined:undefined:undefined":5,"s:127:2:128:Infinity":22,"s:128:4:128:Infinity":23,"b:131:2:132:Infinity:undefined:undefined:undefined:undefined":6,"s:131:2:132:Infinity":24,"s:132:4:132:Infinity":25,"s:136:17:136:53":26,"b:139:2:156:Infinity:149:9:156:Infinity":7,"s:139:2:156:Infinity":27,"s:140:4:148:Infinity":28,"s:150:4:156:Infinity":29,"s:159:2:159:Infinity":30,"f:165:22:165:39":6,"s:166:2:168:Infinity":31,"f:174:22:174:39":7,"s:176:2:181:Infinity":32,"s:184:2:184:Infinity":33,"f:190:16:190:37":8,"s:191:19:191:Infinity":34,"s:192:2:192:Infinity":35,"b:192:9:192:33:192:37:192:Infinity":8}}}
,"/Users/yatishgurrala/Desktop/PersonalDocs/Side hustle/DEV/builddeck.io files/builddeck/lib/social/providers/linkedin-provider.ts": {"path":"/Users/yatishgurrala/Desktop/PersonalDocs/Side hustle/DEV/builddeck.io files/builddeck/lib/social/providers/linkedin-provider.ts","statementMap":{"0":{"start":{"line":17,"column":13},"end":{"line":17,"column":null}},"1":{"start":{"line":19,"column":22},"end":{"line":19,"column":null}},"2":{"start":{"line":23,"column":27},"end":{"line":26,"column":null}},"3":{"start":{"line":30,"column":4},"end":{"line":30,"column":null}},"4":{"start":{"line":34,"column":4},"end":{"line":34,"column":null}},"5":{"start":{"line":39,"column":4},"end":{"line":43,"column":null}},"6":{"start":{"line":40,"column":6},"end":{"line":43,"column":null}},"7":{"start":{"line":47,"column":4},"end":{"line":51,"column":null}},"8":{"start":{"line":48,"column":6},"end":{"line":51,"column":null}},"9":{"start":{"line":55,"column":4},"end":{"line":56,"column":null}},"10":{"start":{"line":56,"column":6},"end":{"line":56,"column":null}},"11":{"start":{"line":80,"column":4},"end":{"line":83,"column":null}},"12":{"start":{"line":88,"column":4},"end":{"line":88,"column":null}},"13":{"start":{"line":88,"column":33},"end":{"line":88,"column":68}},"14":{"start":{"line":91,"column":4},"end":{"line":95,"column":null}},"15":{"start":{"line":92,"column":6},"end":{"line":95,"column":null}},"16":{"start":{"line":98,"column":23},"end":{"line":98,"column":null}},"17":{"start":{"line":99,"column":4},"end":{"line":99,"column":null}},"18":{"start":{"line":100,"column":4},"end":{"line":100,"column":null}},"19":{"start":{"line":102,"column":4},"end":{"line":106,"column":null}}},"fnMap":{"0":{"name":"(anonymous_0)","decl":{"start":{"line":21,"column":2},"end":{"line":21,"column":26}},"loc":{"start":{"line":21,"column":26},"end":{"line":30,"column":null}},"line":21},"1":{"name":"(anonymous_1)","decl":{"start":{"line":33,"column":2},"end":{"line":33,"column":30}},"loc":{"start":{"line":33,"column":30},"end":{"line":34,"column":null}},"line":33},"2":{"name":"(anonymous_2)","decl":{"start":{"line":37,"column":8},"end":{"line":37,"column":16}},"loc":{"start":{"line":37,"column":57},"end":{"line":83,"column":null}},"line":37},"3":{"name":"(anonymous_3)","decl":{"start":{"line":86,"column":16},"end":{"line":86,"column":28}},"loc":{"start":{"line":86,"column":69},"end":{"line":106,"column":null}},"line":86},"4":{"name":"(anonymous_4)","decl":{"start":{"line":88,"column":14},"end":{"line":88,"column":22}},"loc":{"start":{"line":88,"column":33},"end":{"line":88,"column":68}},"line":88}},"branchMap":{"0":{"loc":{"start":{"line":24,"column":6},"end":{"line":26,"column":null}},"type":"binary-expr","locations":[{"start":{"line":24,"column":6},"end":{"line":24,"column":null}},{"start":{"line":25,"column":6},"end":{"line":25,"column":null}},{"start":{"line":26,"column":6},"end":{"line":26,"column":null}}],"line":24},"1":{"loc":{"start":{"line":30,"column":11},"end":{"line":30,"column":null}},"type":"binary-expr","locations":[{"start":{"line":30,"column":11},"end":{"line":30,"column":29}},{"start":{"line":30,"column":29},"end":{"line":30,"column":null}}],"line":30},"2":{"loc":{"start":{"line":39,"column":4},"end":{"line":43,"column":null}},"type":"if","locations":[{"start":{"line":39,"column":4},"end":{"line":43,"column":null}},{"start":{},"end":{}}],"line":39},"3":{"loc":{"start":{"line":47,"column":4},"end":{"line":51,"column":null}},"type":"if","locations":[{"start":{"line":47,"column":4},"end":{"line":51,"column":null}},{"start":{},"end":{}}],"line":47},"4":{"loc":{"start":{"line":55,"column":4},"end":{"line":56,"column":null}},"type":"if","locations":[{"start":{"line":55,"column":4},"end":{"line":56,"column":null}},{"start":{},"end":{}}],"line":55},"5":{"loc":{"start":{"line":91,"column":4},"end":{"line":95,"column":null}},"type":"if","locations":[{"start":{"line":91,"column":4},"end":{"line":95,"column":null}},{"start":{},"end":{}}],"line":91}},"s":{"0":10,"1":10,"2":6,"3":6,"4":7,"5":4,"6":1,"7":3,"8":1,"9":2,"10":2,"11":0,"12":2,"13":2,"14":2,"15":0,"16":2,"17":2,"18":2,"19":2},"f":{"0":6,"1":7,"2":4,"3":2,"4":2},"b":{"0":[6,1,1],"1":[6,5],"2":[1,3],"3":[1,2],"4":[2,0],"5":[0,2]},"meta":{"lastBranch":6,"lastFunction":5,"lastStatement":20,"seen":{"s:17:13:17:Infinity":0,"s:19:22:19:Infinity":1,"f:21:2:21:26":0,"s:23:27:26:Infinity":2,"b:24:6:24:Infinity:25:6:25:Infinity:26:6:26:Infinity":0,"s:30:4:30:Infinity":3,"b:30:11:30:29:30:29:30:Infinity":1,"f:33:2:33:30":1,"s:34:4:34:Infinity":4,"f:37:8:37:16":2,"b:39:4:43:Infinity:undefined:undefined:undefined:undefined":2,"s:39:4:43:Infinity":5,"s:40:6:43:Infinity":6,"b:47:4:51:Infinity:undefined:undefined:undefined:undefined":3,"s:47:4:51:Infinity":7,"s:48:6:51:Infinity":8,"b:55:4:56:Infinity:undefined:undefined:undefined:undefined":4,"s:55:4:56:Infinity":9,"s:56:6:56:Infinity":10,"s:80:4:83:Infinity":11,"f:86:16:86:28":3,"s:88:4:88:Infinity":12,"f:88:14:88:22":4,"s:88:33:88:68":13,"b:91:4:95:Infinity:undefined:undefined:undefined:undefined":5,"s:91:4:95:Infinity":14,"s:92:6:95:Infinity":15,"s:98:23:98:Infinity":16,"s:99:4:99:Infinity":17,"s:100:4:100:Infinity":18,"s:102:4:106:Infinity":19}}}
,"/Users/yatishgurrala/Desktop/PersonalDocs/Side hustle/DEV/builddeck.io files/builddeck/lib/social/providers/x-provider.ts": {"path":"/Users/yatishgurrala/Desktop/PersonalDocs/Side hustle/DEV/builddeck.io files/builddeck/lib/social/providers/x-provider.ts","statementMap":{"0":{"start":{"line":15,"column":13},"end":{"line":15,"column":null}},"1":{"start":{"line":17,"column":22},"end":{"line":17,"column":null}},"2":{"start":{"line":21,"column":27},"end":{"line":25,"column":null}},"3":{"start":{"line":29,"column":4},"end":{"line":29,"column":null}},"4":{"start":{"line":33,"column":4},"end":{"line":33,"column":null}},"5":{"start":{"line":38,"column":4},"end":{"line":42,"column":null}},"6":{"start":{"line":39,"column":6},"end":{"line":42,"column":null}},"7":{"start":{"line":46,"column":4},"end":{"line":50,"column":null}},"8":{"start":{"line":47,"column":6},"end":{"line":50,"column":null}},"9":{"start":{"line":54,"column":4},"end":{"line":55,"column":null}},"10":{"start":{"line":55,"column":6},"end":{"line":55,"column":null}},"11":{"start":{"line":69,"column":4},"end":{"line":72,"column":null}},"12":{"start":{"line":77,"column":4},"end":{"line":77,"column":null}},"13":{"start":{"line":77,"column":33},"end":{"line":77,"column":68}},"14":{"start":{"line":80,"column":4},"end":{"line":84,"column":null}},"15":{"start":{"line":81,"column":6},"end":{"line":84,"column":null}},"16":{"start":{"line":87,"column":23},"end":{"line":87,"column":null}},"17":{"start":{"line":88,"column":4},"end":{"line":88,"column":null}},"18":{"start":{"line":89,"column":4},"end":{"line":89,"column":null}},"19":{"start":{"line":91,"column":4},"end":{"line":95,"column":null}}},"fnMap":{"0":{"name":"(anonymous_0)","decl":{"start":{"line":19,"column":2},"end":{"line":19,"column":26}},"loc":{"start":{"line":19,"column":26},"end":{"line":29,"column":null}},"line":19},"1":{"name":"(anonymous_1)","decl":{"start":{"line":32,"column":2},"end":{"line":32,"column":30}},"loc":{"start":{"line":32,"column":30},"end":{"line":33,"column":null}},"line":32},"2":{"name":"(anonymous_2)","decl":{"start":{"line":36,"column":8},"end":{"line":36,"column":16}},"loc":{"start":{"line":36,"column":57},"end":{"line":72,"column":null}},"line":36},"3":{"name":"(anonymous_3)","decl":{"start":{"line":75,"column":16},"end":{"line":75,"column":28}},"loc":{"start":{"line":75,"column":69},"end":{"line":95,"column":null}},"line":75},"4":{"name":"(anonymous_4)","decl":{"start":{"line":77,"column":14},"end":{"line":77,"column":22}},"loc":{"start":{"line":77,"column":33},"end":{"line":77,"column":68}},"line":77}},"branchMap":{"0":{"loc":{"start":{"line":22,"column":6},"end":{"line":25,"column":null}},"type":"binary-expr","locations":[{"start":{"line":22,"column":6},"end":{"line":22,"column":null}},{"start":{"line":23,"column":6},"end":{"line":23,"column":null}},{"start":{"line":24,"column":6},"end":{"line":24,"column":null}},{"start":{"line":25,"column":6},"end":{"line":25,"column":null}}],"line":22},"1":{"loc":{"start":{"line":29,"column":11},"end":{"line":29,"column":null}},"type":"binary-expr","locations":[{"start":{"line":29,"column":11},"end":{"line":29,"column":29}},{"start":{"line":29,"column":29},"end":{"line":29,"column":null}}],"line":29},"2":{"loc":{"start":{"line":38,"column":4},"end":{"line":42,"column":null}},"type":"if","locations":[{"start":{"line":38,"column":4},"end":{"line":42,"column":null}},{"start":{},"end":{}}],"line":38},"3":{"loc":{"start":{"line":46,"column":4},"end":{"line":50,"column":null}},"type":"if","locations":[{"start":{"line":46,"column":4},"end":{"line":50,"column":null}},{"start":{},"end":{}}],"line":46},"4":{"loc":{"start":{"line":54,"column":4},"end":{"line":55,"column":null}},"type":"if","locations":[{"start":{"line":54,"column":4},"end":{"line":55,"column":null}},{"start":{},"end":{}}],"line":54},"5":{"loc":{"start":{"line":80,"column":4},"end":{"line":84,"column":null}},"type":"if","locations":[{"start":{"line":80,"column":4},"end":{"line":84,"column":null}},{"start":{},"end":{}}],"line":80}},"s":{"0":11,"1":11,"2":7,"3":7,"4":8,"5":5,"6":1,"7":4,"8":1,"9":3,"10":3,"11":0,"12":3,"13":3,"14":3,"15":0,"16":3,"17":3,"18":3,"19":3},"f":{"0":7,"1":8,"2":5,"3":3,"4":3},"b":{"0":[7,1,1,1],"1":[7,6],"2":[1,4],"3":[1,3],"4":[3,0],"5":[0,3]},"meta":{"lastBranch":6,"lastFunction":5,"lastStatement":20,"seen":{"s:15:13:15:Infinity":0,"s:17:22:17:Infinity":1,"f:19:2:19:26":0,"s:21:27:25:Infinity":2,"b:22:6:22:Infinity:23:6:23:Infinity:24:6:24:Infinity:25:6:25:Infinity":0,"s:29:4:29:Infinity":3,"b:29:11:29:29:29:29:29:Infinity":1,"f:32:2:32:30":1,"s:33:4:33:Infinity":4,"f:36:8:36:16":2,"b:38:4:42:Infinity:undefined:undefined:undefined:undefined":2,"s:38:4:42:Infinity":5,"s:39:6:42:Infinity":6,"b:46:4:50:Infinity:undefined:undefined:undefined:undefined":3,"s:46:4:50:Infinity":7,"s:47:6:50:Infinity":8,"b:54:4:55:Infinity:undefined:undefined:undefined:undefined":4,"s:54:4:55:Infinity":9,"s:55:6:55:Infinity":10,"s:69:4:72:Infinity":11,"f:75:16:75:28":3,"s:77:4:77:Infinity":12,"f:77:14:77:22":4,"s:77:33:77:68":13,"b:80:4:84:Infinity:undefined:undefined:undefined:undefined":5,"s:80:4:84:Infinity":14,"s:81:6:84:Infinity":15,"s:87:23:87:Infinity":16,"s:88:4:88:Infinity":17,"s:89:4:89:Infinity":18,"s:91:4:95:Infinity":19}}}
}
